{"/Users/alexandra.brad/Downloads/Project/healty-paws-frontend/codegen.ts": {"path":"/Users/alexandra.brad/Downloads/Project/healty-paws-frontend/codegen.ts","all":true,"statementMap":{"2":{"start":{"line":3,"column":0},"end":{"line":3,"column":31}},"3":{"start":{"line":4,"column":0},"end":{"line":4,"column":18}},"4":{"start":{"line":5,"column":0},"end":{"line":5,"column":37}},"5":{"start":{"line":6,"column":0},"end":{"line":6,"column":50}},"6":{"start":{"line":7,"column":0},"end":{"line":7,"column":14}},"7":{"start":{"line":8,"column":0},"end":{"line":8,"column":23}},"8":{"start":{"line":9,"column":0},"end":{"line":9,"column":23}},"9":{"start":{"line":10,"column":0},"end":{"line":10,"column":15}},"11":{"start":{"line":12,"column":0},"end":{"line":12,"column":27}},"13":{"start":{"line":14,"column":0},"end":{"line":14,"column":29}},"14":{"start":{"line":15,"column":0},"end":{"line":15,"column":37}},"15":{"start":{"line":16,"column":0},"end":{"line":16,"column":8}},"16":{"start":{"line":17,"column":0},"end":{"line":17,"column":6}},"17":{"start":{"line":18,"column":0},"end":{"line":18,"column":4}},"18":{"start":{"line":19,"column":0},"end":{"line":19,"column":2}},"20":{"start":{"line":21,"column":0},"end":{"line":21,"column":22}}},"s":{"2":0,"3":0,"4":0,"5":0,"6":0,"7":0,"8":0,"9":0,"11":0,"13":0,"14":0,"15":0,"16":0,"17":0,"18":0,"20":0},"branchMap":{"0":{"type":"branch","line":1,"loc":{"start":{"line":1,"column":579},"end":{"line":21,"column":22}},"locations":[{"start":{"line":1,"column":579},"end":{"line":21,"column":22}}]}},"b":{"0":[1]},"fnMap":{"0":{"name":"(empty-report)","decl":{"start":{"line":1,"column":579},"end":{"line":21,"column":22}},"loc":{"start":{"line":1,"column":579},"end":{"line":21,"column":22}},"line":1}},"f":{"0":1}}
,"/Users/alexandra.brad/Downloads/Project/healty-paws-frontend/src/ApolloProviderWrapper.tsx": {"path":"/Users/alexandra.brad/Downloads/Project/healty-paws-frontend/src/ApolloProviderWrapper.tsx","all":true,"statementMap":{"0":{"start":{"line":1,"column":0},"end":{"line":1,"column":26}},"1":{"start":{"line":2,"column":0},"end":{"line":2,"column":56}},"2":{"start":{"line":3,"column":0},"end":{"line":3,"column":54}},"4":{"start":{"line":5,"column":0},"end":{"line":5,"column":78}},"5":{"start":{"line":6,"column":0},"end":{"line":6,"column":75}},"6":{"start":{"line":7,"column":0},"end":{"line":7,"column":1}}},"s":{"0":0,"1":0,"2":0,"4":0,"5":0,"6":0},"branchMap":{"0":{"type":"branch","line":1,"loc":{"start":{"line":1,"column":296},"end":{"line":7,"column":1}},"locations":[{"start":{"line":1,"column":296},"end":{"line":7,"column":1}}]}},"b":{"0":[0]},"fnMap":{"0":{"name":"(empty-report)","decl":{"start":{"line":1,"column":296},"end":{"line":7,"column":1}},"loc":{"start":{"line":1,"column":296},"end":{"line":7,"column":1}},"line":1}},"f":{"0":0}}
,"/Users/alexandra.brad/Downloads/Project/healty-paws-frontend/src/App.tsx": {"path":"/Users/alexandra.brad/Downloads/Project/healty-paws-frontend/src/App.tsx","all":true,"statementMap":{"0":{"start":{"line":1,"column":0},"end":{"line":1,"column":39}},"1":{"start":{"line":2,"column":0},"end":{"line":2,"column":64}},"2":{"start":{"line":3,"column":0},"end":{"line":3,"column":64}},"3":{"start":{"line":4,"column":0},"end":{"line":4,"column":61}},"4":{"start":{"line":5,"column":0},"end":{"line":5,"column":73}},"5":{"start":{"line":6,"column":0},"end":{"line":6,"column":58}},"6":{"start":{"line":7,"column":0},"end":{"line":7,"column":61}},"8":{"start":{"line":9,"column":0},"end":{"line":9,"column":61}},"9":{"start":{"line":10,"column":0},"end":{"line":10,"column":70}},"11":{"start":{"line":12,"column":0},"end":{"line":12,"column":69}},"12":{"start":{"line":13,"column":0},"end":{"line":13,"column":30}},"13":{"start":{"line":14,"column":0},"end":{"line":14,"column":56}},"14":{"start":{"line":15,"column":0},"end":{"line":15,"column":2}},"15":{"start":{"line":16,"column":0},"end":{"line":16,"column":32}},"16":{"start":{"line":17,"column":0},"end":{"line":17,"column":58}},"17":{"start":{"line":18,"column":0},"end":{"line":18,"column":2}},"18":{"start":{"line":19,"column":0},"end":{"line":19,"column":31}},"19":{"start":{"line":20,"column":0},"end":{"line":20,"column":57}},"20":{"start":{"line":21,"column":0},"end":{"line":21,"column":2}},"21":{"start":{"line":22,"column":0},"end":{"line":22,"column":37}},"22":{"start":{"line":23,"column":0},"end":{"line":23,"column":63}},"23":{"start":{"line":24,"column":0},"end":{"line":24,"column":2}},"24":{"start":{"line":25,"column":0},"end":{"line":25,"column":31}},"25":{"start":{"line":26,"column":0},"end":{"line":26,"column":57}},"26":{"start":{"line":27,"column":0},"end":{"line":27,"column":2}},"28":{"start":{"line":29,"column":0},"end":{"line":29,"column":33}},"29":{"start":{"line":30,"column":0},"end":{"line":30,"column":62}},"30":{"start":{"line":31,"column":0},"end":{"line":31,"column":2}},"31":{"start":{"line":32,"column":0},"end":{"line":32,"column":32}},"32":{"start":{"line":33,"column":0},"end":{"line":33,"column":60}},"33":{"start":{"line":34,"column":0},"end":{"line":34,"column":2}},"36":{"start":{"line":37,"column":0},"end":{"line":37,"column":36}},"37":{"start":{"line":38,"column":0},"end":{"line":38,"column":68}},"38":{"start":{"line":39,"column":0},"end":{"line":39,"column":2}},"39":{"start":{"line":40,"column":0},"end":{"line":40,"column":36}},"40":{"start":{"line":41,"column":0},"end":{"line":41,"column":68}},"41":{"start":{"line":42,"column":0},"end":{"line":42,"column":2}},"42":{"start":{"line":43,"column":0},"end":{"line":43,"column":32}},"43":{"start":{"line":44,"column":0},"end":{"line":44,"column":60}},"44":{"start":{"line":45,"column":0},"end":{"line":45,"column":2}},"46":{"start":{"line":47,"column":0},"end":{"line":47,"column":16}},"47":{"start":{"line":48,"column":0},"end":{"line":48,"column":10}},"48":{"start":{"line":49,"column":0},"end":{"line":49,"column":27}},"49":{"start":{"line":50,"column":0},"end":{"line":50,"column":21}},"50":{"start":{"line":51,"column":0},"end":{"line":51,"column":32}},"51":{"start":{"line":52,"column":0},"end":{"line":52,"column":20}},"53":{"start":{"line":54,"column":0},"end":{"line":54,"column":16}},"54":{"start":{"line":55,"column":0},"end":{"line":55,"column":21}},"55":{"start":{"line":56,"column":0},"end":{"line":56,"column":24}},"56":{"start":{"line":57,"column":0},"end":{"line":57,"column":24}},"57":{"start":{"line":58,"column":0},"end":{"line":58,"column":34}},"58":{"start":{"line":59,"column":0},"end":{"line":59,"column":38}},"59":{"start":{"line":60,"column":0},"end":{"line":60,"column":38}},"60":{"start":{"line":61,"column":0},"end":{"line":61,"column":36}},"61":{"start":{"line":62,"column":0},"end":{"line":62,"column":18}},"64":{"start":{"line":65,"column":0},"end":{"line":65,"column":22}},"66":{"start":{"line":67,"column":0},"end":{"line":67,"column":57}},"67":{"start":{"line":68,"column":0},"end":{"line":68,"column":67}},"70":{"start":{"line":71,"column":0},"end":{"line":71,"column":68}},"71":{"start":{"line":72,"column":0},"end":{"line":72,"column":78}},"72":{"start":{"line":73,"column":0},"end":{"line":73,"column":22}},"73":{"start":{"line":74,"column":0},"end":{"line":74,"column":46}},"74":{"start":{"line":75,"column":0},"end":{"line":75,"column":50}},"75":{"start":{"line":76,"column":0},"end":{"line":76,"column":18}},"76":{"start":{"line":77,"column":0},"end":{"line":77,"column":22}},"77":{"start":{"line":78,"column":0},"end":{"line":78,"column":45}},"78":{"start":{"line":79,"column":0},"end":{"line":79,"column":49}},"79":{"start":{"line":80,"column":0},"end":{"line":80,"column":18}},"80":{"start":{"line":81,"column":0},"end":{"line":81,"column":22}},"81":{"start":{"line":82,"column":0},"end":{"line":82,"column":47}},"82":{"start":{"line":83,"column":0},"end":{"line":83,"column":55}},"83":{"start":{"line":84,"column":0},"end":{"line":84,"column":18}},"84":{"start":{"line":85,"column":0},"end":{"line":85,"column":22}},"85":{"start":{"line":86,"column":0},"end":{"line":86,"column":45}},"86":{"start":{"line":87,"column":0},"end":{"line":87,"column":49}},"87":{"start":{"line":88,"column":0},"end":{"line":88,"column":18}},"90":{"start":{"line":91,"column":0},"end":{"line":91,"column":22}},"91":{"start":{"line":92,"column":0},"end":{"line":92,"column":42}},"92":{"start":{"line":93,"column":0},"end":{"line":93,"column":51}},"93":{"start":{"line":94,"column":0},"end":{"line":94,"column":18}},"94":{"start":{"line":95,"column":0},"end":{"line":95,"column":22}},"95":{"start":{"line":96,"column":0},"end":{"line":96,"column":41}},"96":{"start":{"line":97,"column":0},"end":{"line":97,"column":50}},"97":{"start":{"line":98,"column":0},"end":{"line":98,"column":18}},"100":{"start":{"line":101,"column":0},"end":{"line":101,"column":22}},"101":{"start":{"line":102,"column":0},"end":{"line":102,"column":60}},"102":{"start":{"line":103,"column":0},"end":{"line":103,"column":54}},"103":{"start":{"line":104,"column":0},"end":{"line":104,"column":18}},"104":{"start":{"line":105,"column":0},"end":{"line":105,"column":22}},"105":{"start":{"line":106,"column":0},"end":{"line":106,"column":60}},"106":{"start":{"line":107,"column":0},"end":{"line":107,"column":54}},"107":{"start":{"line":108,"column":0},"end":{"line":108,"column":18}},"108":{"start":{"line":109,"column":0},"end":{"line":109,"column":22}},"109":{"start":{"line":110,"column":0},"end":{"line":110,"column":48}},"110":{"start":{"line":111,"column":0},"end":{"line":111,"column":50}},"111":{"start":{"line":112,"column":0},"end":{"line":112,"column":18}},"113":{"start":{"line":114,"column":0},"end":{"line":114,"column":22}},"114":{"start":{"line":115,"column":0},"end":{"line":115,"column":26}},"115":{"start":{"line":116,"column":0},"end":{"line":116,"column":27}},"116":{"start":{"line":117,"column":0},"end":{"line":117,"column":24}},"117":{"start":{"line":118,"column":0},"end":{"line":118,"column":30}},"118":{"start":{"line":119,"column":0},"end":{"line":119,"column":40}},"119":{"start":{"line":120,"column":0},"end":{"line":120,"column":44}},"120":{"start":{"line":121,"column":0},"end":{"line":121,"column":51}},"121":{"start":{"line":122,"column":0},"end":{"line":122,"column":24}},"123":{"start":{"line":124,"column":0},"end":{"line":124,"column":34}},"124":{"start":{"line":125,"column":0},"end":{"line":125,"column":43}},"125":{"start":{"line":126,"column":0},"end":{"line":126,"column":26}},"127":{"start":{"line":128,"column":0},"end":{"line":128,"column":18}},"128":{"start":{"line":129,"column":0},"end":{"line":129,"column":23}},"129":{"start":{"line":130,"column":0},"end":{"line":130,"column":23}},"130":{"start":{"line":131,"column":0},"end":{"line":131,"column":17}},"132":{"start":{"line":133,"column":0},"end":{"line":133,"column":20}},"133":{"start":{"line":134,"column":0},"end":{"line":134,"column":33}},"134":{"start":{"line":135,"column":0},"end":{"line":135,"column":22}},"135":{"start":{"line":136,"column":0},"end":{"line":136,"column":28}},"137":{"start":{"line":138,"column":0},"end":{"line":138,"column":1}},"139":{"start":{"line":140,"column":0},"end":{"line":140,"column":19}}},"s":{"0":0,"1":0,"2":0,"3":0,"4":0,"5":0,"6":0,"8":0,"9":0,"11":0,"12":0,"13":0,"14":0,"15":0,"16":0,"17":0,"18":0,"19":0,"20":0,"21":0,"22":0,"23":0,"24":0,"25":0,"26":0,"28":0,"29":0,"30":0,"31":0,"32":0,"33":0,"36":0,"37":0,"38":0,"39":0,"40":0,"41":0,"42":0,"43":0,"44":0,"46":0,"47":0,"48":0,"49":0,"50":0,"51":0,"53":0,"54":0,"55":0,"56":0,"57":0,"58":0,"59":0,"60":0,"61":0,"64":0,"66":0,"67":0,"70":0,"71":0,"72":0,"73":0,"74":0,"75":0,"76":0,"77":0,"78":0,"79":0,"80":0,"81":0,"82":0,"83":0,"84":0,"85":0,"86":0,"87":0,"90":0,"91":0,"92":0,"93":0,"94":0,"95":0,"96":0,"97":0,"100":0,"101":0,"102":0,"103":0,"104":0,"105":0,"106":0,"107":0,"108":0,"109":0,"110":0,"111":0,"113":0,"114":0,"115":0,"116":0,"117":0,"118":0,"119":0,"120":0,"121":0,"123":0,"124":0,"125":0,"127":0,"128":0,"129":0,"130":0,"132":0,"133":0,"134":0,"135":0,"137":0,"139":0},"branchMap":{"0":{"type":"branch","line":1,"loc":{"start":{"line":1,"column":4529},"end":{"line":140,"column":19}},"locations":[{"start":{"line":1,"column":4529},"end":{"line":140,"column":19}}]}},"b":{"0":[0]},"fnMap":{"0":{"name":"(empty-report)","decl":{"start":{"line":1,"column":4529},"end":{"line":140,"column":19}},"loc":{"start":{"line":1,"column":4529},"end":{"line":140,"column":19}},"line":1}},"f":{"0":0}}
,"/Users/alexandra.brad/Downloads/Project/healty-paws-frontend/src/main.tsx": {"path":"/Users/alexandra.brad/Downloads/Project/healty-paws-frontend/src/main.tsx","all":true,"statementMap":{"0":{"start":{"line":1,"column":0},"end":{"line":1,"column":26}},"1":{"start":{"line":2,"column":0},"end":{"line":2,"column":40}},"2":{"start":{"line":3,"column":0},"end":{"line":3,"column":24}},"3":{"start":{"line":4,"column":0},"end":{"line":4,"column":23}},"5":{"start":{"line":6,"column":0},"end":{"line":6,"column":75}},"6":{"start":{"line":7,"column":0},"end":{"line":7,"column":20}},"7":{"start":{"line":8,"column":0},"end":{"line":8,"column":11}},"8":{"start":{"line":9,"column":0},"end":{"line":9,"column":21}},"9":{"start":{"line":10,"column":0},"end":{"line":10,"column":2}}},"s":{"0":0,"1":0,"2":0,"3":0,"5":0,"6":0,"7":0,"8":0,"9":0},"branchMap":{"0":{"type":"branch","line":1,"loc":{"start":{"line":1,"column":219},"end":{"line":10,"column":-182}},"locations":[{"start":{"line":1,"column":219},"end":{"line":10,"column":-182}}]}},"b":{"0":[0]},"fnMap":{"0":{"name":"(empty-report)","decl":{"start":{"line":1,"column":219},"end":{"line":10,"column":-182}},"loc":{"start":{"line":1,"column":219},"end":{"line":10,"column":-182}},"line":1}},"f":{"0":0}}
,"/Users/alexandra.brad/Downloads/Project/healty-paws-frontend/src/types.ts": {"path":"/Users/alexandra.brad/Downloads/Project/healty-paws-frontend/src/types.ts","all":true,"statementMap":{},"s":{},"branchMap":{"0":{"type":"branch","line":1,"loc":{"start":{"line":1,"column":3682},"end":{"line":192,"column":1}},"locations":[{"start":{"line":1,"column":3682},"end":{"line":192,"column":1}}]}},"b":{"0":[1]},"fnMap":{"0":{"name":"(empty-report)","decl":{"start":{"line":1,"column":3682},"end":{"line":192,"column":1}},"loc":{"start":{"line":1,"column":3682},"end":{"line":192,"column":1}},"line":1}},"f":{"0":1}}
,"/Users/alexandra.brad/Downloads/Project/healty-paws-frontend/src/api/endpoint.ts": {"path":"/Users/alexandra.brad/Downloads/Project/healty-paws-frontend/src/api/endpoint.ts","all":false,"statementMap":{"3":{"start":{"line":4,"column":0},"end":{"line":4,"column":76}},"5":{"start":{"line":6,"column":0},"end":{"line":6,"column":64}},"6":{"start":{"line":7,"column":0},"end":{"line":7,"column":66}},"7":{"start":{"line":8,"column":0},"end":{"line":8,"column":47}},"8":{"start":{"line":9,"column":0},"end":{"line":9,"column":49}},"9":{"start":{"line":10,"column":0},"end":{"line":10,"column":51}},"10":{"start":{"line":11,"column":0},"end":{"line":11,"column":73}},"11":{"start":{"line":12,"column":0},"end":{"line":12,"column":70}},"12":{"start":{"line":13,"column":0},"end":{"line":13,"column":42}}},"s":{"3":1,"5":1,"6":1,"7":1,"8":1,"9":1,"10":1,"11":1,"12":1},"branchMap":{},"b":{},"fnMap":{},"f":{}}
,"/Users/alexandra.brad/Downloads/Project/healty-paws-frontend/src/components/features/AppointmentCard/AppointmentCard.tsx": {"path":"/Users/alexandra.brad/Downloads/Project/healty-paws-frontend/src/components/features/AppointmentCard/AppointmentCard.tsx","all":false,"statementMap":{"0":{"start":{"line":1,"column":0},"end":{"line":1,"column":49}},"1":{"start":{"line":2,"column":0},"end":{"line":2,"column":80}},"2":{"start":{"line":3,"column":0},"end":{"line":3,"column":22}},"19":{"start":{"line":20,"column":0},"end":{"line":20,"column":59}},"20":{"start":{"line":21,"column":0},"end":{"line":21,"column":21}},"21":{"start":{"line":22,"column":0},"end":{"line":22,"column":13}},"22":{"start":{"line":23,"column":0},"end":{"line":23,"column":10}},"23":{"start":{"line":24,"column":0},"end":{"line":24,"column":7}},"24":{"start":{"line":25,"column":0},"end":{"line":25,"column":7}},"25":{"start":{"line":26,"column":0},"end":{"line":26,"column":11}},"26":{"start":{"line":27,"column":0},"end":{"line":27,"column":39}},"27":{"start":{"line":28,"column":0},"end":{"line":28,"column":10}},"28":{"start":{"line":29,"column":0},"end":{"line":29,"column":11}},"29":{"start":{"line":30,"column":0},"end":{"line":30,"column":11}},"30":{"start":{"line":31,"column":0},"end":{"line":31,"column":9}},"31":{"start":{"line":32,"column":0},"end":{"line":32,"column":7}},"32":{"start":{"line":33,"column":0},"end":{"line":33,"column":74}},"35":{"start":{"line":36,"column":0},"end":{"line":36,"column":45}},"36":{"start":{"line":37,"column":0},"end":{"line":37,"column":50}},"37":{"start":{"line":38,"column":0},"end":{"line":38,"column":52}},"38":{"start":{"line":39,"column":0},"end":{"line":39,"column":66}},"40":{"start":{"line":41,"column":0},"end":{"line":41,"column":65}},"41":{"start":{"line":42,"column":0},"end":{"line":42,"column":56}},"43":{"start":{"line":44,"column":0},"end":{"line":44,"column":62}},"44":{"start":{"line":45,"column":0},"end":{"line":45,"column":102}},"45":{"start":{"line":46,"column":0},"end":{"line":46,"column":32}},"46":{"start":{"line":47,"column":0},"end":{"line":47,"column":5}},"48":{"start":{"line":49,"column":0},"end":{"line":49,"column":67}},"49":{"start":{"line":50,"column":0},"end":{"line":50,"column":24}},"50":{"start":{"line":51,"column":0},"end":{"line":51,"column":17}},"51":{"start":{"line":52,"column":0},"end":{"line":52,"column":4}},"53":{"start":{"line":54,"column":0},"end":{"line":54,"column":88}},"54":{"start":{"line":55,"column":0},"end":{"line":55,"column":24}},"55":{"start":{"line":56,"column":0},"end":{"line":56,"column":15}},"56":{"start":{"line":57,"column":0},"end":{"line":57,"column":4}},"59":{"start":{"line":60,"column":0},"end":{"line":60,"column":83}},"61":{"start":{"line":62,"column":0},"end":{"line":62,"column":10}},"62":{"start":{"line":63,"column":0},"end":{"line":63,"column":76}},"63":{"start":{"line":64,"column":0},"end":{"line":64,"column":43}},"64":{"start":{"line":65,"column":0},"end":{"line":65,"column":58}},"65":{"start":{"line":66,"column":0},"end":{"line":66,"column":62}},"66":{"start":{"line":67,"column":0},"end":{"line":67,"column":12}},"67":{"start":{"line":68,"column":0},"end":{"line":68,"column":40}},"68":{"start":{"line":69,"column":0},"end":{"line":69,"column":27}},"69":{"start":{"line":70,"column":0},"end":{"line":70,"column":27}},"70":{"start":{"line":71,"column":0},"end":{"line":71,"column":12}},"71":{"start":{"line":72,"column":0},"end":{"line":72,"column":50}},"72":{"start":{"line":73,"column":0},"end":{"line":73,"column":67}},"75":{"start":{"line":76,"column":0},"end":{"line":76,"column":47}},"76":{"start":{"line":77,"column":0},"end":{"line":77,"column":45}},"77":{"start":{"line":78,"column":0},"end":{"line":78,"column":26}},"78":{"start":{"line":79,"column":0},"end":{"line":79,"column":22}},"79":{"start":{"line":80,"column":0},"end":{"line":80,"column":46}},"80":{"start":{"line":81,"column":0},"end":{"line":81,"column":63}},"81":{"start":{"line":82,"column":0},"end":{"line":82,"column":15}},"83":{"start":{"line":84,"column":0},"end":{"line":84,"column":23}},"85":{"start":{"line":86,"column":0},"end":{"line":86,"column":24}},"86":{"start":{"line":87,"column":0},"end":{"line":87,"column":22}},"87":{"start":{"line":88,"column":0},"end":{"line":88,"column":44}},"88":{"start":{"line":89,"column":0},"end":{"line":89,"column":61}},"89":{"start":{"line":90,"column":0},"end":{"line":90,"column":15}},"91":{"start":{"line":92,"column":0},"end":{"line":92,"column":23}},"93":{"start":{"line":94,"column":0},"end":{"line":94,"column":16}},"96":{"start":{"line":97,"column":0},"end":{"line":97,"column":24}},"97":{"start":{"line":98,"column":0},"end":{"line":98,"column":17}},"98":{"start":{"line":99,"column":0},"end":{"line":99,"column":39}},"99":{"start":{"line":100,"column":0},"end":{"line":100,"column":46}},"100":{"start":{"line":101,"column":0},"end":{"line":101,"column":43}},"101":{"start":{"line":102,"column":0},"end":{"line":102,"column":11}},"103":{"start":{"line":104,"column":0},"end":{"line":104,"column":19}},"105":{"start":{"line":106,"column":0},"end":{"line":106,"column":12}},"106":{"start":{"line":107,"column":0},"end":{"line":107,"column":10}},"108":{"start":{"line":109,"column":0},"end":{"line":109,"column":2}}},"s":{"0":1,"1":1,"2":1,"19":1,"20":14,"21":14,"22":14,"23":14,"24":14,"25":14,"26":14,"27":14,"28":14,"29":14,"30":14,"31":14,"32":14,"35":14,"36":14,"37":14,"38":14,"40":14,"41":14,"43":14,"44":14,"45":14,"46":14,"48":14,"49":1,"50":1,"51":1,"53":14,"54":2,"55":2,"56":2,"59":14,"61":14,"62":14,"63":14,"64":14,"65":14,"66":14,"67":14,"68":14,"69":14,"70":14,"71":14,"72":14,"75":14,"76":2,"77":2,"78":2,"79":2,"80":2,"81":2,"83":2,"85":2,"86":2,"87":2,"88":2,"89":2,"91":2,"93":2,"96":14,"97":2,"98":2,"99":2,"100":2,"101":2,"103":2,"105":14,"106":14,"108":14},"branchMap":{"0":{"type":"branch","line":20,"loc":{"start":{"line":20,"column":57},"end":{"line":109,"column":2}},"locations":[{"start":{"line":20,"column":57},"end":{"line":109,"column":2}}]},"1":{"type":"branch","line":41,"loc":{"start":{"line":41,"column":25},"end":{"line":41,"column":54}},"locations":[{"start":{"line":41,"column":25},"end":{"line":41,"column":54}}]},"2":{"type":"branch","line":41,"loc":{"start":{"line":41,"column":39},"end":{"line":41,"column":65}},"locations":[{"start":{"line":41,"column":39},"end":{"line":41,"column":65}}]},"3":{"type":"branch","line":42,"loc":{"start":{"line":42,"column":21},"end":{"line":42,"column":56}},"locations":[{"start":{"line":42,"column":21},"end":{"line":42,"column":56}}]},"4":{"type":"branch","line":45,"loc":{"start":{"line":45,"column":57},"end":{"line":45,"column":82}},"locations":[{"start":{"line":45,"column":57},"end":{"line":45,"column":82}}]},"5":{"type":"branch","line":45,"loc":{"start":{"line":45,"column":69},"end":{"line":45,"column":96}},"locations":[{"start":{"line":45,"column":69},"end":{"line":45,"column":96}}]},"6":{"type":"branch","line":45,"loc":{"start":{"line":45,"column":82},"end":{"line":45,"column":98}},"locations":[{"start":{"line":45,"column":82},"end":{"line":45,"column":98}}]},"7":{"type":"branch","line":46,"loc":{"start":{"line":46,"column":4},"end":{"line":46,"column":30}},"locations":[{"start":{"line":46,"column":4},"end":{"line":46,"column":30}}]},"8":{"type":"branch","line":46,"loc":{"start":{"line":46,"column":17},"end":{"line":46,"column":32}},"locations":[{"start":{"line":46,"column":17},"end":{"line":46,"column":32}}]},"9":{"type":"branch","line":60,"loc":{"start":{"line":60,"column":21},"end":{"line":60,"column":62}},"locations":[{"start":{"line":60,"column":21},"end":{"line":60,"column":62}}]},"10":{"type":"branch","line":60,"loc":{"start":{"line":60,"column":51},"end":{"line":60,"column":75}},"locations":[{"start":{"line":60,"column":51},"end":{"line":60,"column":75}}]},"11":{"type":"branch","line":60,"loc":{"start":{"line":60,"column":63},"end":{"line":60,"column":83}},"locations":[{"start":{"line":60,"column":63},"end":{"line":60,"column":83}}]},"12":{"type":"branch","line":63,"loc":{"start":{"line":63,"column":42},"end":{"line":63,"column":67}},"locations":[{"start":{"line":63,"column":42},"end":{"line":63,"column":67}}]},"13":{"type":"branch","line":63,"loc":{"start":{"line":63,"column":55},"end":{"line":63,"column":76}},"locations":[{"start":{"line":63,"column":55},"end":{"line":63,"column":76}}]},"14":{"type":"branch","line":76,"loc":{"start":{"line":76,"column":9},"end":{"line":76,"column":47}},"locations":[{"start":{"line":76,"column":9},"end":{"line":76,"column":47}}]},"15":{"type":"branch","line":76,"loc":{"start":{"line":76,"column":23},"end":{"line":76,"column":47}},"locations":[{"start":{"line":76,"column":23},"end":{"line":76,"column":47}}]},"16":{"type":"branch","line":76,"loc":{"start":{"line":76,"column":35},"end":{"line":94,"column":16}},"locations":[{"start":{"line":76,"column":35},"end":{"line":94,"column":16}}]},"17":{"type":"branch","line":97,"loc":{"start":{"line":97,"column":9},"end":{"line":104,"column":19}},"locations":[{"start":{"line":97,"column":9},"end":{"line":104,"column":19}}]},"18":{"type":"branch","line":49,"loc":{"start":{"line":49,"column":28},"end":{"line":52,"column":4}},"locations":[{"start":{"line":49,"column":28},"end":{"line":52,"column":4}}]},"19":{"type":"branch","line":54,"loc":{"start":{"line":54,"column":28},"end":{"line":57,"column":4}},"locations":[{"start":{"line":54,"column":28},"end":{"line":57,"column":4}}]},"20":{"type":"branch","line":81,"loc":{"start":{"line":81,"column":25},"end":{"line":81,"column":63}},"locations":[{"start":{"line":81,"column":25},"end":{"line":81,"column":63}}]},"21":{"type":"branch","line":89,"loc":{"start":{"line":89,"column":25},"end":{"line":89,"column":61}},"locations":[{"start":{"line":89,"column":25},"end":{"line":89,"column":61}}]}},"b":{"0":[14],"1":[5],"2":[5],"3":[12],"4":[4],"5":[2],"6":[12],"7":[9],"8":[5],"9":[2],"10":[2],"11":[2],"12":[9],"13":[5],"14":[2],"15":[0],"16":[2],"17":[2],"18":[1],"19":[2],"20":[1],"21":[1]},"fnMap":{"0":{"name":"AppointmentCard","decl":{"start":{"line":20,"column":57},"end":{"line":109,"column":2}},"loc":{"start":{"line":20,"column":57},"end":{"line":109,"column":2}},"line":20},"1":{"name":"handleDeleteClick","decl":{"start":{"line":49,"column":28},"end":{"line":52,"column":4}},"loc":{"start":{"line":49,"column":28},"end":{"line":52,"column":4}},"line":49},"2":{"name":"handleActionClick","decl":{"start":{"line":54,"column":28},"end":{"line":57,"column":4}},"loc":{"start":{"line":54,"column":28},"end":{"line":57,"column":4}},"line":54},"3":{"name":"onClick","decl":{"start":{"line":81,"column":25},"end":{"line":81,"column":63}},"loc":{"start":{"line":81,"column":25},"end":{"line":81,"column":63}},"line":81},"4":{"name":"onClick","decl":{"start":{"line":89,"column":25},"end":{"line":89,"column":61}},"loc":{"start":{"line":89,"column":25},"end":{"line":89,"column":61}},"line":89}},"f":{"0":14,"1":1,"2":2,"3":1,"4":1}}
,"/Users/alexandra.brad/Downloads/Project/healty-paws-frontend/src/components/features/AvailabilityModal/AvailabilityModal.tsx": {"path":"/Users/alexandra.brad/Downloads/Project/healty-paws-frontend/src/components/features/AvailabilityModal/AvailabilityModal.tsx","all":false,"statementMap":{"0":{"start":{"line":1,"column":0},"end":{"line":1,"column":42}},"1":{"start":{"line":2,"column":0},"end":{"line":2,"column":48}},"2":{"start":{"line":3,"column":0},"end":{"line":3,"column":54}},"3":{"start":{"line":4,"column":0},"end":{"line":4,"column":45}},"4":{"start":{"line":5,"column":0},"end":{"line":5,"column":22}},"16":{"start":{"line":17,"column":0},"end":{"line":17,"column":63}},"17":{"start":{"line":18,"column":0},"end":{"line":18,"column":22}},"18":{"start":{"line":19,"column":0},"end":{"line":19,"column":9}},"19":{"start":{"line":20,"column":0},"end":{"line":20,"column":10}},"20":{"start":{"line":21,"column":0},"end":{"line":21,"column":7}},"21":{"start":{"line":22,"column":0},"end":{"line":22,"column":41}},"22":{"start":{"line":23,"column":0},"end":{"line":23,"column":48}},"24":{"start":{"line":25,"column":0},"end":{"line":25,"column":56}},"25":{"start":{"line":26,"column":0},"end":{"line":26,"column":19}},"26":{"start":{"line":27,"column":0},"end":{"line":27,"column":24}},"27":{"start":{"line":28,"column":0},"end":{"line":28,"column":15}},"28":{"start":{"line":29,"column":0},"end":{"line":29,"column":46}},"29":{"start":{"line":30,"column":0},"end":{"line":30,"column":46}},"30":{"start":{"line":31,"column":0},"end":{"line":31,"column":21}},"31":{"start":{"line":32,"column":0},"end":{"line":32,"column":14}},"32":{"start":{"line":33,"column":0},"end":{"line":33,"column":6}},"34":{"start":{"line":35,"column":0},"end":{"line":35,"column":20}},"35":{"start":{"line":36,"column":0},"end":{"line":36,"column":43}},"36":{"start":{"line":37,"column":0},"end":{"line":37,"column":47}},"38":{"start":{"line":39,"column":0},"end":{"line":39,"column":75}},"39":{"start":{"line":40,"column":0},"end":{"line":40,"column":31}},"40":{"start":{"line":41,"column":0},"end":{"line":41,"column":42}},"41":{"start":{"line":42,"column":0},"end":{"line":42,"column":51}},"42":{"start":{"line":43,"column":0},"end":{"line":43,"column":53}},"44":{"start":{"line":45,"column":0},"end":{"line":45,"column":27}},"45":{"start":{"line":46,"column":0},"end":{"line":46,"column":73}},"46":{"start":{"line":47,"column":0},"end":{"line":47,"column":14}},"47":{"start":{"line":48,"column":0},"end":{"line":48,"column":59}},"48":{"start":{"line":49,"column":0},"end":{"line":49,"column":7}},"50":{"start":{"line":51,"column":0},"end":{"line":51,"column":47}},"51":{"start":{"line":52,"column":0},"end":{"line":52,"column":37}},"52":{"start":{"line":53,"column":0},"end":{"line":53,"column":7}},"54":{"start":{"line":55,"column":0},"end":{"line":55,"column":29}},"55":{"start":{"line":56,"column":0},"end":{"line":56,"column":7}},"56":{"start":{"line":57,"column":0},"end":{"line":57,"column":4}},"58":{"start":{"line":59,"column":0},"end":{"line":59,"column":62}},"59":{"start":{"line":60,"column":0},"end":{"line":60,"column":32}},"60":{"start":{"line":61,"column":0},"end":{"line":61,"column":14}},"61":{"start":{"line":62,"column":0},"end":{"line":62,"column":20}},"62":{"start":{"line":63,"column":0},"end":{"line":63,"column":8}},"63":{"start":{"line":64,"column":0},"end":{"line":64,"column":4}},"65":{"start":{"line":66,"column":0},"end":{"line":66,"column":44}},"66":{"start":{"line":67,"column":0},"end":{"line":67,"column":31}},"67":{"start":{"line":68,"column":0},"end":{"line":68,"column":42}},"68":{"start":{"line":69,"column":0},"end":{"line":69,"column":35}},"69":{"start":{"line":70,"column":0},"end":{"line":70,"column":29}},"70":{"start":{"line":71,"column":0},"end":{"line":71,"column":7}},"71":{"start":{"line":72,"column":0},"end":{"line":72,"column":4}},"73":{"start":{"line":74,"column":0},"end":{"line":74,"column":35}},"74":{"start":{"line":75,"column":0},"end":{"line":75,"column":25}},"75":{"start":{"line":76,"column":0},"end":{"line":76,"column":14}},"76":{"start":{"line":77,"column":0},"end":{"line":77,"column":4}},"78":{"start":{"line":79,"column":0},"end":{"line":79,"column":18}},"79":{"start":{"line":80,"column":0},"end":{"line":80,"column":6}},"80":{"start":{"line":81,"column":0},"end":{"line":81,"column":76}},"81":{"start":{"line":82,"column":0},"end":{"line":82,"column":13}},"82":{"start":{"line":83,"column":0},"end":{"line":83,"column":27}},"83":{"start":{"line":84,"column":0},"end":{"line":84,"column":23}},"84":{"start":{"line":85,"column":0},"end":{"line":85,"column":17}},"85":{"start":{"line":86,"column":0},"end":{"line":86,"column":35}},"86":{"start":{"line":87,"column":0},"end":{"line":87,"column":30}},"87":{"start":{"line":88,"column":0},"end":{"line":88,"column":8}},"88":{"start":{"line":89,"column":0},"end":{"line":89,"column":7}},"91":{"start":{"line":92,"column":0},"end":{"line":92,"column":10}},"92":{"start":{"line":93,"column":0},"end":{"line":93,"column":10}},"93":{"start":{"line":94,"column":0},"end":{"line":94,"column":38}},"94":{"start":{"line":95,"column":0},"end":{"line":95,"column":23}},"95":{"start":{"line":96,"column":0},"end":{"line":96,"column":28}},"97":{"start":{"line":98,"column":0},"end":{"line":98,"column":15}},"98":{"start":{"line":99,"column":0},"end":{"line":99,"column":35}},"99":{"start":{"line":100,"column":0},"end":{"line":100,"column":39}},"100":{"start":{"line":101,"column":0},"end":{"line":101,"column":37}},"101":{"start":{"line":102,"column":0},"end":{"line":102,"column":35}},"102":{"start":{"line":103,"column":0},"end":{"line":103,"column":25}},"103":{"start":{"line":104,"column":0},"end":{"line":104,"column":8}},"104":{"start":{"line":105,"column":0},"end":{"line":105,"column":12}},"106":{"start":{"line":107,"column":0},"end":{"line":107,"column":2}}},"s":{"0":1,"1":1,"2":1,"3":1,"4":1,"16":1,"17":3,"18":3,"19":3,"20":3,"21":3,"22":3,"24":3,"25":6,"26":6,"27":6,"28":6,"29":6,"30":6,"31":6,"32":6,"34":3,"35":3,"36":3,"38":3,"39":0,"40":0,"41":0,"42":0,"44":0,"45":0,"46":0,"47":0,"48":0,"50":0,"51":0,"52":0,"54":0,"55":0,"56":0,"58":3,"59":0,"60":0,"61":0,"62":0,"63":0,"65":3,"66":0,"67":0,"68":0,"69":0,"70":0,"71":0,"73":3,"74":0,"75":0,"76":0,"78":3,"79":3,"80":3,"81":3,"82":3,"83":3,"84":3,"85":3,"86":3,"87":3,"88":3,"91":3,"92":3,"93":3,"94":3,"95":3,"97":3,"98":3,"99":3,"100":3,"101":3,"102":3,"103":3,"104":3,"106":3},"branchMap":{"0":{"type":"branch","line":17,"loc":{"start":{"line":17,"column":61},"end":{"line":107,"column":2}},"locations":[{"start":{"line":17,"column":61},"end":{"line":107,"column":2}}]},"1":{"type":"branch","line":25,"loc":{"start":{"line":25,"column":32},"end":{"line":33,"column":6}},"locations":[{"start":{"line":25,"column":32},"end":{"line":33,"column":6}}]},"2":{"type":"branch","line":29,"loc":{"start":{"line":29,"column":30},"end":{"line":32,"column":11}},"locations":[{"start":{"line":29,"column":30},"end":{"line":32,"column":11}}]}},"b":{"0":[3],"1":[6],"2":[6]},"fnMap":{"0":{"name":"AvailabilityModal","decl":{"start":{"line":17,"column":61},"end":{"line":107,"column":2}},"loc":{"start":{"line":17,"column":61},"end":{"line":107,"column":2}},"line":17},"1":{"name":"normalizeAvailability","decl":{"start":{"line":25,"column":32},"end":{"line":33,"column":6}},"loc":{"start":{"line":25,"column":32},"end":{"line":33,"column":6}},"line":25},"2":{"name":"handleSlotToggle","decl":{"start":{"line":39,"column":27},"end":{"line":57,"column":4}},"loc":{"start":{"line":39,"column":27},"end":{"line":57,"column":4}},"line":39},"3":{"name":"handleSelectAll","decl":{"start":{"line":59,"column":26},"end":{"line":64,"column":4}},"loc":{"start":{"line":59,"column":26},"end":{"line":64,"column":4}},"line":59},"4":{"name":"handleClearAll","decl":{"start":{"line":66,"column":25},"end":{"line":72,"column":4}},"loc":{"start":{"line":66,"column":25},"end":{"line":72,"column":4}},"line":66},"5":{"name":"handleSaveChanges","decl":{"start":{"line":74,"column":28},"end":{"line":77,"column":4}},"loc":{"start":{"line":74,"column":28},"end":{"line":77,"column":4}},"line":74}},"f":{"0":3,"1":6,"2":0,"3":0,"4":0,"5":0}}
,"/Users/alexandra.brad/Downloads/Project/healty-paws-frontend/src/components/features/BookingModal/BookingModal.tsx": {"path":"/Users/alexandra.brad/Downloads/Project/healty-paws-frontend/src/components/features/BookingModal/BookingModal.tsx","all":false,"statementMap":{"0":{"start":{"line":1,"column":0},"end":{"line":1,"column":51}},"2":{"start":{"line":3,"column":0},"end":{"line":3,"column":69}},"5":{"start":{"line":6,"column":0},"end":{"line":6,"column":60}},"6":{"start":{"line":7,"column":0},"end":{"line":7,"column":48}},"7":{"start":{"line":8,"column":0},"end":{"line":8,"column":51}},"8":{"start":{"line":9,"column":0},"end":{"line":9,"column":45}},"9":{"start":{"line":10,"column":0},"end":{"line":10,"column":57}},"10":{"start":{"line":11,"column":0},"end":{"line":11,"column":65}},"11":{"start":{"line":12,"column":0},"end":{"line":12,"column":65}},"12":{"start":{"line":13,"column":0},"end":{"line":13,"column":59}},"13":{"start":{"line":14,"column":0},"end":{"line":14,"column":69}},"14":{"start":{"line":15,"column":0},"end":{"line":15,"column":81}},"15":{"start":{"line":16,"column":0},"end":{"line":16,"column":22}},"27":{"start":{"line":28,"column":0},"end":{"line":28,"column":53}},"28":{"start":{"line":29,"column":0},"end":{"line":29,"column":25}},"29":{"start":{"line":30,"column":0},"end":{"line":30,"column":12}},"30":{"start":{"line":31,"column":0},"end":{"line":31,"column":7}},"31":{"start":{"line":32,"column":0},"end":{"line":32,"column":10}},"32":{"start":{"line":33,"column":0},"end":{"line":33,"column":23}},"33":{"start":{"line":34,"column":0},"end":{"line":34,"column":17}},"34":{"start":{"line":35,"column":0},"end":{"line":35,"column":16}},"35":{"start":{"line":36,"column":0},"end":{"line":36,"column":7}},"36":{"start":{"line":37,"column":0},"end":{"line":37,"column":46}},"37":{"start":{"line":38,"column":0},"end":{"line":38,"column":70}},"38":{"start":{"line":39,"column":0},"end":{"line":39,"column":75}},"40":{"start":{"line":41,"column":0},"end":{"line":41,"column":10}},"41":{"start":{"line":42,"column":0},"end":{"line":42,"column":73}},"42":{"start":{"line":43,"column":0},"end":{"line":43,"column":70}},"43":{"start":{"line":44,"column":0},"end":{"line":44,"column":52}},"44":{"start":{"line":45,"column":0},"end":{"line":45,"column":78}},"45":{"start":{"line":46,"column":0},"end":{"line":46,"column":26}},"46":{"start":{"line":47,"column":0},"end":{"line":47,"column":4}},"47":{"start":{"line":48,"column":0},"end":{"line":48,"column":72}},"49":{"start":{"line":50,"column":0},"end":{"line":50,"column":52}},"50":{"start":{"line":51,"column":0},"end":{"line":51,"column":9}},"51":{"start":{"line":52,"column":0},"end":{"line":52,"column":12}},"52":{"start":{"line":53,"column":0},"end":{"line":53,"column":28}},"53":{"start":{"line":54,"column":0},"end":{"line":54,"column":24}},"54":{"start":{"line":55,"column":0},"end":{"line":55,"column":41}},"56":{"start":{"line":57,"column":0},"end":{"line":57,"column":46}},"57":{"start":{"line":58,"column":0},"end":{"line":58,"column":46}},"59":{"start":{"line":60,"column":0},"end":{"line":60,"column":47}},"60":{"start":{"line":61,"column":0},"end":{"line":61,"column":49}},"61":{"start":{"line":62,"column":0},"end":{"line":62,"column":23}},"63":{"start":{"line":64,"column":0},"end":{"line":64,"column":60}},"64":{"start":{"line":65,"column":0},"end":{"line":65,"column":45}},"65":{"start":{"line":66,"column":0},"end":{"line":66,"column":54}},"66":{"start":{"line":67,"column":0},"end":{"line":67,"column":52}},"67":{"start":{"line":68,"column":0},"end":{"line":68,"column":6}},"68":{"start":{"line":69,"column":0},"end":{"line":69,"column":42}},"69":{"start":{"line":70,"column":0},"end":{"line":70,"column":56}},"71":{"start":{"line":72,"column":0},"end":{"line":72,"column":43}},"72":{"start":{"line":73,"column":0},"end":{"line":73,"column":58}},"73":{"start":{"line":74,"column":0},"end":{"line":74,"column":78}},"74":{"start":{"line":75,"column":0},"end":{"line":75,"column":43}},"75":{"start":{"line":76,"column":0},"end":{"line":76,"column":10}},"76":{"start":{"line":77,"column":0},"end":{"line":77,"column":50}},"78":{"start":{"line":79,"column":0},"end":{"line":79,"column":44}},"79":{"start":{"line":80,"column":0},"end":{"line":80,"column":22}},"80":{"start":{"line":81,"column":0},"end":{"line":81,"column":18}},"81":{"start":{"line":82,"column":0},"end":{"line":82,"column":29}},"82":{"start":{"line":83,"column":0},"end":{"line":83,"column":23}},"83":{"start":{"line":84,"column":0},"end":{"line":84,"column":17}},"84":{"start":{"line":85,"column":0},"end":{"line":85,"column":21}},"85":{"start":{"line":86,"column":0},"end":{"line":86,"column":6}},"86":{"start":{"line":87,"column":0},"end":{"line":87,"column":29}},"87":{"start":{"line":88,"column":0},"end":{"line":88,"column":65}},"88":{"start":{"line":89,"column":0},"end":{"line":89,"column":20}},"89":{"start":{"line":90,"column":0},"end":{"line":90,"column":29}},"91":{"start":{"line":92,"column":0},"end":{"line":92,"column":35}},"92":{"start":{"line":93,"column":0},"end":{"line":93,"column":12}},"93":{"start":{"line":94,"column":0},"end":{"line":94,"column":50}},"94":{"start":{"line":95,"column":0},"end":{"line":95,"column":16}},"95":{"start":{"line":96,"column":0},"end":{"line":96,"column":26}},"96":{"start":{"line":97,"column":0},"end":{"line":97,"column":38}},"97":{"start":{"line":98,"column":0},"end":{"line":98,"column":30}},"98":{"start":{"line":99,"column":0},"end":{"line":99,"column":10}},"99":{"start":{"line":100,"column":0},"end":{"line":100,"column":14}},"101":{"start":{"line":102,"column":0},"end":{"line":102,"column":3}},"103":{"start":{"line":104,"column":0},"end":{"line":104,"column":54}},"104":{"start":{"line":105,"column":0},"end":{"line":105,"column":12}},"105":{"start":{"line":106,"column":0},"end":{"line":106,"column":45}},"106":{"start":{"line":107,"column":0},"end":{"line":107,"column":37}},"107":{"start":{"line":108,"column":0},"end":{"line":108,"column":64}},"108":{"start":{"line":109,"column":0},"end":{"line":109,"column":79}},"109":{"start":{"line":110,"column":0},"end":{"line":110,"column":14}},"110":{"start":{"line":111,"column":0},"end":{"line":111,"column":14}},"112":{"start":{"line":113,"column":0},"end":{"line":113,"column":3}},"114":{"start":{"line":115,"column":0},"end":{"line":115,"column":35}},"115":{"start":{"line":116,"column":0},"end":{"line":116,"column":62}},"118":{"start":{"line":119,"column":0},"end":{"line":119,"column":45}},"119":{"start":{"line":120,"column":0},"end":{"line":120,"column":65}},"120":{"start":{"line":121,"column":0},"end":{"line":121,"column":26}},"122":{"start":{"line":123,"column":0},"end":{"line":123,"column":62}},"123":{"start":{"line":124,"column":0},"end":{"line":124,"column":43}},"124":{"start":{"line":125,"column":0},"end":{"line":125,"column":25}},"125":{"start":{"line":126,"column":0},"end":{"line":126,"column":63}},"126":{"start":{"line":127,"column":0},"end":{"line":127,"column":7}},"127":{"start":{"line":128,"column":0},"end":{"line":128,"column":52}},"129":{"start":{"line":130,"column":0},"end":{"line":130,"column":54}},"131":{"start":{"line":132,"column":0},"end":{"line":132,"column":38}},"132":{"start":{"line":133,"column":0},"end":{"line":133,"column":34}},"133":{"start":{"line":134,"column":0},"end":{"line":134,"column":28}},"134":{"start":{"line":135,"column":0},"end":{"line":135,"column":26}},"135":{"start":{"line":136,"column":0},"end":{"line":136,"column":45}},"136":{"start":{"line":137,"column":0},"end":{"line":137,"column":23}},"137":{"start":{"line":138,"column":0},"end":{"line":138,"column":71}},"138":{"start":{"line":139,"column":0},"end":{"line":139,"column":6}},"140":{"start":{"line":141,"column":0},"end":{"line":141,"column":9}},"141":{"start":{"line":142,"column":0},"end":{"line":142,"column":40}},"142":{"start":{"line":143,"column":0},"end":{"line":143,"column":16}},"143":{"start":{"line":144,"column":0},"end":{"line":144,"column":26}},"144":{"start":{"line":145,"column":0},"end":{"line":145,"column":46}},"145":{"start":{"line":146,"column":0},"end":{"line":146,"column":81}},"146":{"start":{"line":147,"column":0},"end":{"line":147,"column":70}},"147":{"start":{"line":148,"column":0},"end":{"line":148,"column":5}},"148":{"start":{"line":149,"column":0},"end":{"line":149,"column":4}},"150":{"start":{"line":151,"column":0},"end":{"line":151,"column":32}},"151":{"start":{"line":152,"column":0},"end":{"line":152,"column":45}},"152":{"start":{"line":153,"column":0},"end":{"line":153,"column":8}},"153":{"start":{"line":154,"column":0},"end":{"line":154,"column":41}},"154":{"start":{"line":155,"column":0},"end":{"line":155,"column":27}},"155":{"start":{"line":156,"column":0},"end":{"line":156,"column":20}},"156":{"start":{"line":157,"column":0},"end":{"line":157,"column":7}},"157":{"start":{"line":158,"column":0},"end":{"line":158,"column":41}},"158":{"start":{"line":159,"column":0},"end":{"line":159,"column":5}},"159":{"start":{"line":160,"column":0},"end":{"line":160,"column":26}},"160":{"start":{"line":161,"column":0},"end":{"line":161,"column":4}},"162":{"start":{"line":163,"column":0},"end":{"line":163,"column":28}},"163":{"start":{"line":164,"column":0},"end":{"line":164,"column":35}},"164":{"start":{"line":165,"column":0},"end":{"line":165,"column":38}},"165":{"start":{"line":166,"column":0},"end":{"line":166,"column":5}},"166":{"start":{"line":167,"column":0},"end":{"line":167,"column":4}},"168":{"start":{"line":169,"column":0},"end":{"line":169,"column":28}},"169":{"start":{"line":170,"column":0},"end":{"line":170,"column":26}},"170":{"start":{"line":171,"column":0},"end":{"line":171,"column":38}},"171":{"start":{"line":172,"column":0},"end":{"line":172,"column":5}},"172":{"start":{"line":173,"column":0},"end":{"line":173,"column":4}},"174":{"start":{"line":175,"column":0},"end":{"line":175,"column":37}},"175":{"start":{"line":176,"column":0},"end":{"line":176,"column":32}},"176":{"start":{"line":177,"column":0},"end":{"line":177,"column":45}},"177":{"start":{"line":178,"column":0},"end":{"line":178,"column":28}},"178":{"start":{"line":179,"column":0},"end":{"line":179,"column":23}},"179":{"start":{"line":180,"column":0},"end":{"line":180,"column":29}},"180":{"start":{"line":181,"column":0},"end":{"line":181,"column":26}},"181":{"start":{"line":182,"column":0},"end":{"line":182,"column":56}},"182":{"start":{"line":183,"column":0},"end":{"line":183,"column":34}},"183":{"start":{"line":184,"column":0},"end":{"line":184,"column":42}},"184":{"start":{"line":185,"column":0},"end":{"line":185,"column":28}},"185":{"start":{"line":186,"column":0},"end":{"line":186,"column":43}},"186":{"start":{"line":187,"column":0},"end":{"line":187,"column":22}},"187":{"start":{"line":188,"column":0},"end":{"line":188,"column":30}},"188":{"start":{"line":189,"column":0},"end":{"line":189,"column":14}},"189":{"start":{"line":190,"column":0},"end":{"line":190,"column":20}},"190":{"start":{"line":191,"column":0},"end":{"line":191,"column":5}},"191":{"start":{"line":192,"column":0},"end":{"line":192,"column":4}},"193":{"start":{"line":194,"column":0},"end":{"line":194,"column":35}},"194":{"start":{"line":195,"column":0},"end":{"line":195,"column":45}},"195":{"start":{"line":196,"column":0},"end":{"line":196,"column":28}},"196":{"start":{"line":197,"column":0},"end":{"line":197,"column":23}},"197":{"start":{"line":198,"column":0},"end":{"line":198,"column":16}},"198":{"start":{"line":199,"column":0},"end":{"line":199,"column":24}},"199":{"start":{"line":200,"column":0},"end":{"line":200,"column":23}},"200":{"start":{"line":201,"column":0},"end":{"line":201,"column":37}},"201":{"start":{"line":202,"column":0},"end":{"line":202,"column":37}},"202":{"start":{"line":203,"column":0},"end":{"line":203,"column":12}},"204":{"start":{"line":205,"column":0},"end":{"line":205,"column":26}},"205":{"start":{"line":206,"column":0},"end":{"line":206,"column":16}},"206":{"start":{"line":207,"column":0},"end":{"line":207,"column":27}},"207":{"start":{"line":208,"column":0},"end":{"line":208,"column":65}},"208":{"start":{"line":209,"column":0},"end":{"line":209,"column":44}},"209":{"start":{"line":210,"column":0},"end":{"line":210,"column":43}},"210":{"start":{"line":211,"column":0},"end":{"line":211,"column":37}},"211":{"start":{"line":212,"column":0},"end":{"line":212,"column":35}},"212":{"start":{"line":213,"column":0},"end":{"line":213,"column":31}},"213":{"start":{"line":214,"column":0},"end":{"line":214,"column":31}},"214":{"start":{"line":215,"column":0},"end":{"line":215,"column":38}},"215":{"start":{"line":216,"column":0},"end":{"line":216,"column":12}},"217":{"start":{"line":218,"column":0},"end":{"line":218,"column":34}},"218":{"start":{"line":219,"column":0},"end":{"line":219,"column":22}},"219":{"start":{"line":220,"column":0},"end":{"line":220,"column":18}},"220":{"start":{"line":221,"column":0},"end":{"line":221,"column":20}},"221":{"start":{"line":222,"column":0},"end":{"line":222,"column":35}},"222":{"start":{"line":223,"column":0},"end":{"line":223,"column":50}},"223":{"start":{"line":224,"column":0},"end":{"line":224,"column":14}},"225":{"start":{"line":226,"column":0},"end":{"line":226,"column":73}},"226":{"start":{"line":227,"column":0},"end":{"line":227,"column":16}},"227":{"start":{"line":228,"column":0},"end":{"line":228,"column":35}},"228":{"start":{"line":229,"column":0},"end":{"line":229,"column":51}},"229":{"start":{"line":230,"column":0},"end":{"line":230,"column":61}},"230":{"start":{"line":231,"column":0},"end":{"line":231,"column":50}},"231":{"start":{"line":232,"column":0},"end":{"line":232,"column":12}},"233":{"start":{"line":234,"column":0},"end":{"line":234,"column":28}},"234":{"start":{"line":235,"column":0},"end":{"line":235,"column":38}},"235":{"start":{"line":236,"column":0},"end":{"line":236,"column":62}},"236":{"start":{"line":237,"column":0},"end":{"line":237,"column":16}},"237":{"start":{"line":238,"column":0},"end":{"line":238,"column":29}},"238":{"start":{"line":239,"column":0},"end":{"line":239,"column":46}},"239":{"start":{"line":240,"column":0},"end":{"line":240,"column":47}},"240":{"start":{"line":241,"column":0},"end":{"line":241,"column":42}},"241":{"start":{"line":242,"column":0},"end":{"line":242,"column":12}},"243":{"start":{"line":244,"column":0},"end":{"line":244,"column":22}},"244":{"start":{"line":245,"column":0},"end":{"line":245,"column":22}},"245":{"start":{"line":246,"column":0},"end":{"line":246,"column":18}},"246":{"start":{"line":247,"column":0},"end":{"line":247,"column":75}},"248":{"start":{"line":249,"column":0},"end":{"line":249,"column":73}},"249":{"start":{"line":250,"column":0},"end":{"line":250,"column":16}},"250":{"start":{"line":251,"column":0},"end":{"line":251,"column":23}},"251":{"start":{"line":252,"column":0},"end":{"line":252,"column":35}},"252":{"start":{"line":253,"column":0},"end":{"line":253,"column":39}},"253":{"start":{"line":254,"column":0},"end":{"line":254,"column":38}},"254":{"start":{"line":255,"column":0},"end":{"line":255,"column":12}},"256":{"start":{"line":257,"column":0},"end":{"line":257,"column":26}},"257":{"start":{"line":258,"column":0},"end":{"line":258,"column":74}},"258":{"start":{"line":259,"column":0},"end":{"line":259,"column":16}},"259":{"start":{"line":260,"column":0},"end":{"line":260,"column":27}},"260":{"start":{"line":261,"column":0},"end":{"line":261,"column":35}},"261":{"start":{"line":262,"column":0},"end":{"line":262,"column":57}},"262":{"start":{"line":263,"column":0},"end":{"line":263,"column":31}},"263":{"start":{"line":264,"column":0},"end":{"line":264,"column":29}},"264":{"start":{"line":265,"column":0},"end":{"line":265,"column":12}},"266":{"start":{"line":267,"column":0},"end":{"line":267,"column":14}},"267":{"start":{"line":268,"column":0},"end":{"line":268,"column":20}},"268":{"start":{"line":269,"column":0},"end":{"line":269,"column":5}},"269":{"start":{"line":270,"column":0},"end":{"line":270,"column":4}},"271":{"start":{"line":272,"column":0},"end":{"line":272,"column":25}},"272":{"start":{"line":273,"column":0},"end":{"line":273,"column":6}},"273":{"start":{"line":274,"column":0},"end":{"line":274,"column":39}},"274":{"start":{"line":275,"column":0},"end":{"line":275,"column":36}},"275":{"start":{"line":276,"column":0},"end":{"line":276,"column":57}},"276":{"start":{"line":277,"column":0},"end":{"line":277,"column":14}},"278":{"start":{"line":279,"column":0},"end":{"line":279,"column":38}},"279":{"start":{"line":280,"column":0},"end":{"line":280,"column":22}},"280":{"start":{"line":281,"column":0},"end":{"line":281,"column":17}},"281":{"start":{"line":282,"column":0},"end":{"line":282,"column":23}},"282":{"start":{"line":283,"column":0},"end":{"line":283,"column":29}},"283":{"start":{"line":284,"column":0},"end":{"line":284,"column":21}},"284":{"start":{"line":285,"column":0},"end":{"line":285,"column":49}},"285":{"start":{"line":286,"column":0},"end":{"line":286,"column":12}},"287":{"start":{"line":288,"column":0},"end":{"line":288,"column":28}},"288":{"start":{"line":289,"column":0},"end":{"line":289,"column":17}},"289":{"start":{"line":290,"column":0},"end":{"line":290,"column":73}},"290":{"start":{"line":291,"column":0},"end":{"line":291,"column":27}},"291":{"start":{"line":292,"column":0},"end":{"line":292,"column":21}},"292":{"start":{"line":293,"column":0},"end":{"line":293,"column":36}},"293":{"start":{"line":294,"column":0},"end":{"line":294,"column":36}},"294":{"start":{"line":295,"column":0},"end":{"line":295,"column":12}},"296":{"start":{"line":297,"column":0},"end":{"line":297,"column":17}},"297":{"start":{"line":298,"column":0},"end":{"line":298,"column":23}},"298":{"start":{"line":299,"column":0},"end":{"line":299,"column":21}},"299":{"start":{"line":300,"column":0},"end":{"line":300,"column":27}},"300":{"start":{"line":301,"column":0},"end":{"line":301,"column":43}},"301":{"start":{"line":302,"column":0},"end":{"line":302,"column":12}},"303":{"start":{"line":304,"column":0},"end":{"line":304,"column":12}},"304":{"start":{"line":305,"column":0},"end":{"line":305,"column":7}},"307":{"start":{"line":308,"column":0},"end":{"line":308,"column":10}},"308":{"start":{"line":309,"column":0},"end":{"line":309,"column":10}},"309":{"start":{"line":310,"column":0},"end":{"line":310,"column":13}},"310":{"start":{"line":311,"column":0},"end":{"line":311,"column":17}},"311":{"start":{"line":312,"column":0},"end":{"line":312,"column":24}},"312":{"start":{"line":313,"column":0},"end":{"line":313,"column":29}},"313":{"start":{"line":314,"column":0},"end":{"line":314,"column":26}},"314":{"start":{"line":315,"column":0},"end":{"line":315,"column":26}},"315":{"start":{"line":316,"column":0},"end":{"line":316,"column":46}},"316":{"start":{"line":317,"column":0},"end":{"line":317,"column":33}},"318":{"start":{"line":319,"column":0},"end":{"line":319,"column":23}},"319":{"start":{"line":320,"column":0},"end":{"line":320,"column":35}},"321":{"start":{"line":322,"column":0},"end":{"line":322,"column":24}},"322":{"start":{"line":323,"column":0},"end":{"line":323,"column":48}},"323":{"start":{"line":324,"column":0},"end":{"line":324,"column":24}},"324":{"start":{"line":325,"column":0},"end":{"line":325,"column":14}},"326":{"start":{"line":327,"column":0},"end":{"line":327,"column":27}},"327":{"start":{"line":328,"column":0},"end":{"line":328,"column":12}},"329":{"start":{"line":330,"column":0},"end":{"line":330,"column":2}}},"s":{"0":1,"2":1,"5":1,"6":1,"7":1,"8":1,"9":1,"10":1,"11":1,"12":1,"13":1,"14":1,"15":1,"27":1,"28":12,"29":12,"30":12,"31":12,"32":12,"33":12,"34":12,"35":12,"36":12,"37":12,"38":12,"40":12,"41":12,"42":12,"43":12,"44":12,"45":12,"46":12,"47":12,"49":12,"50":12,"51":12,"52":12,"53":12,"54":12,"56":12,"57":12,"59":12,"60":9,"61":12,"63":12,"64":9,"65":0,"66":0,"67":0,"68":9,"69":12,"71":12,"72":9,"73":0,"74":0,"75":9,"76":12,"78":12,"79":9,"80":9,"81":9,"82":9,"83":9,"84":9,"85":9,"86":9,"87":9,"88":8,"89":12,"91":12,"92":0,"93":0,"94":0,"95":0,"96":0,"97":0,"98":0,"99":0,"101":0,"103":12,"104":0,"105":0,"106":0,"107":0,"108":0,"109":0,"110":0,"112":0,"114":12,"115":12,"118":12,"119":0,"120":0,"122":0,"123":0,"124":0,"125":0,"126":0,"127":0,"129":0,"131":0,"132":0,"133":0,"134":0,"135":0,"136":0,"137":0,"138":0,"140":0,"141":0,"142":0,"143":0,"144":0,"145":0,"146":0,"147":0,"148":0,"150":12,"151":1,"152":1,"153":1,"154":0,"155":0,"156":1,"157":0,"158":0,"159":1,"160":1,"162":12,"163":0,"164":0,"165":0,"166":0,"168":12,"169":0,"170":0,"171":0,"172":0,"174":12,"175":12,"176":12,"177":12,"178":12,"179":11,"180":12,"181":0,"182":12,"183":1,"184":12,"185":0,"186":12,"187":0,"188":12,"189":0,"190":12,"191":12,"193":12,"194":12,"195":12,"196":12,"197":11,"198":11,"199":11,"200":11,"201":11,"202":11,"204":12,"205":0,"206":0,"207":0,"208":0,"209":0,"210":0,"211":0,"212":0,"213":0,"214":0,"215":0,"217":12,"218":1,"219":1,"220":0,"221":0,"222":0,"223":0,"225":1,"226":1,"227":1,"228":1,"229":1,"230":1,"231":1,"233":12,"234":0,"235":0,"236":0,"237":0,"238":0,"239":0,"240":0,"241":0,"243":12,"244":0,"245":0,"246":0,"248":0,"249":0,"250":0,"251":0,"252":0,"253":0,"254":0,"256":12,"257":0,"258":0,"259":0,"260":0,"261":0,"262":0,"263":0,"264":0,"266":12,"267":0,"268":12,"269":12,"271":12,"272":12,"273":12,"274":0,"275":0,"276":0,"278":12,"279":12,"280":1,"281":1,"282":1,"283":1,"284":1,"285":1,"287":12,"288":12,"289":12,"290":12,"291":12,"292":12,"293":12,"294":12,"296":0,"297":0,"298":0,"299":0,"300":0,"301":0,"303":12,"304":12,"307":12,"308":12,"309":12,"310":12,"311":0,"312":12,"313":0,"314":12,"315":10,"316":2,"318":12,"319":12,"321":12,"322":0,"323":0,"324":0,"326":12,"327":12,"329":12},"branchMap":{"0":{"type":"branch","line":28,"loc":{"start":{"line":28,"column":51},"end":{"line":330,"column":2}},"locations":[{"start":{"line":28,"column":51},"end":{"line":330,"column":2}}]},"1":{"type":"branch","line":46,"loc":{"start":{"line":46,"column":4},"end":{"line":46,"column":26}},"locations":[{"start":{"line":46,"column":4},"end":{"line":46,"column":26}}]},"2":{"type":"branch","line":57,"loc":{"start":{"line":57,"column":34},"end":{"line":57,"column":46}},"locations":[{"start":{"line":57,"column":34},"end":{"line":57,"column":46}}]},"3":{"type":"branch","line":92,"loc":{"start":{"line":92,"column":6},"end":{"line":92,"column":34}},"locations":[{"start":{"line":92,"column":6},"end":{"line":92,"column":34}}]},"4":{"type":"branch","line":92,"loc":{"start":{"line":92,"column":34},"end":{"line":102,"column":3}},"locations":[{"start":{"line":92,"column":34},"end":{"line":102,"column":3}}]},"5":{"type":"branch","line":104,"loc":{"start":{"line":104,"column":24},"end":{"line":104,"column":53}},"locations":[{"start":{"line":104,"column":24},"end":{"line":104,"column":53}}]},"6":{"type":"branch","line":104,"loc":{"start":{"line":104,"column":53},"end":{"line":113,"column":3}},"locations":[{"start":{"line":104,"column":53},"end":{"line":113,"column":3}}]},"7":{"type":"branch","line":274,"loc":{"start":{"line":274,"column":33},"end":{"line":277,"column":14}},"locations":[{"start":{"line":274,"column":33},"end":{"line":277,"column":14}}]},"8":{"type":"branch","line":280,"loc":{"start":{"line":280,"column":16},"end":{"line":286,"column":12}},"locations":[{"start":{"line":280,"column":16},"end":{"line":286,"column":12}}]},"9":{"type":"branch","line":290,"loc":{"start":{"line":290,"column":38},"end":{"line":290,"column":66}},"locations":[{"start":{"line":290,"column":38},"end":{"line":290,"column":66}}]},"10":{"type":"branch","line":295,"loc":{"start":{"line":295,"column":10},"end":{"line":302,"column":12}},"locations":[{"start":{"line":295,"column":10},"end":{"line":302,"column":12}}]},"11":{"type":"branch","line":311,"loc":{"start":{"line":311,"column":8},"end":{"line":312,"column":24}},"locations":[{"start":{"line":311,"column":8},"end":{"line":312,"column":24}}]},"12":{"type":"branch","line":313,"loc":{"start":{"line":313,"column":21},"end":{"line":314,"column":26}},"locations":[{"start":{"line":313,"column":21},"end":{"line":314,"column":26}}]},"13":{"type":"branch","line":315,"loc":{"start":{"line":315,"column":12},"end":{"line":316,"column":46}},"locations":[{"start":{"line":315,"column":12},"end":{"line":316,"column":46}}]},"14":{"type":"branch","line":316,"loc":{"start":{"line":316,"column":44},"end":{"line":317,"column":33}},"locations":[{"start":{"line":316,"column":44},"end":{"line":317,"column":33}}]},"15":{"type":"branch","line":322,"loc":{"start":{"line":322,"column":7},"end":{"line":325,"column":14}},"locations":[{"start":{"line":322,"column":7},"end":{"line":325,"column":14}}]},"16":{"type":"branch","line":60,"loc":{"start":{"line":60,"column":40},"end":{"line":62,"column":5}},"locations":[{"start":{"line":60,"column":40},"end":{"line":62,"column":5}}]},"17":{"type":"branch","line":61,"loc":{"start":{"line":61,"column":11},"end":{"line":61,"column":46}},"locations":[{"start":{"line":61,"column":11},"end":{"line":61,"column":46}}]},"18":{"type":"branch","line":61,"loc":{"start":{"line":61,"column":27},"end":{"line":61,"column":49}},"locations":[{"start":{"line":61,"column":27},"end":{"line":61,"column":49}}]},"19":{"type":"branch","line":64,"loc":{"start":{"line":64,"column":53},"end":{"line":70,"column":5}},"locations":[{"start":{"line":64,"column":53},"end":{"line":70,"column":5}}]},"20":{"type":"branch","line":65,"loc":{"start":{"line":65,"column":43},"end":{"line":69,"column":39}},"locations":[{"start":{"line":65,"column":43},"end":{"line":69,"column":39}}]},"21":{"type":"branch","line":69,"loc":{"start":{"line":69,"column":27},"end":{"line":69,"column":42}},"locations":[{"start":{"line":69,"column":27},"end":{"line":69,"column":42}}]},"22":{"type":"branch","line":72,"loc":{"start":{"line":72,"column":36},"end":{"line":77,"column":5}},"locations":[{"start":{"line":72,"column":36},"end":{"line":77,"column":5}}]},"23":{"type":"branch","line":79,"loc":{"start":{"line":79,"column":37},"end":{"line":90,"column":5}},"locations":[{"start":{"line":79,"column":37},"end":{"line":90,"column":5}}]},"24":{"type":"branch","line":88,"loc":{"start":{"line":88,"column":6},"end":{"line":88,"column":65}},"locations":[{"start":{"line":88,"column":6},"end":{"line":88,"column":65}}]},"25":{"type":"branch","line":88,"loc":{"start":{"line":88,"column":63},"end":{"line":89,"column":20}},"locations":[{"start":{"line":88,"column":63},"end":{"line":89,"column":20}}]},"26":{"type":"branch","line":151,"loc":{"start":{"line":151,"column":25},"end":{"line":161,"column":4}},"locations":[{"start":{"line":151,"column":25},"end":{"line":161,"column":4}}]},"27":{"type":"branch","line":154,"loc":{"start":{"line":154,"column":24},"end":{"line":155,"column":27}},"locations":[{"start":{"line":154,"column":24},"end":{"line":155,"column":27}}]},"28":{"type":"branch","line":155,"loc":{"start":{"line":155,"column":6},"end":{"line":156,"column":20}},"locations":[{"start":{"line":155,"column":6},"end":{"line":156,"column":20}}]},"29":{"type":"branch","line":157,"loc":{"start":{"line":157,"column":6},"end":{"line":159,"column":5}},"locations":[{"start":{"line":157,"column":6},"end":{"line":159,"column":5}}]},"30":{"type":"branch","line":160,"loc":{"start":{"line":160,"column":12},"end":{"line":160,"column":24}},"locations":[{"start":{"line":160,"column":12},"end":{"line":160,"column":24}}]},"31":{"type":"branch","line":175,"loc":{"start":{"line":175,"column":21},"end":{"line":192,"column":4}},"locations":[{"start":{"line":175,"column":21},"end":{"line":192,"column":4}}]},"32":{"type":"branch","line":176,"loc":{"start":{"line":176,"column":19},"end":{"line":176,"column":32}},"locations":[{"start":{"line":176,"column":19},"end":{"line":176,"column":32}}]},"33":{"type":"branch","line":179,"loc":{"start":{"line":179,"column":6},"end":{"line":180,"column":29}},"locations":[{"start":{"line":179,"column":6},"end":{"line":180,"column":29}}]},"34":{"type":"branch","line":181,"loc":{"start":{"line":181,"column":6},"end":{"line":182,"column":56}},"locations":[{"start":{"line":181,"column":6},"end":{"line":182,"column":56}}]},"35":{"type":"branch","line":183,"loc":{"start":{"line":183,"column":6},"end":{"line":184,"column":42}},"locations":[{"start":{"line":183,"column":6},"end":{"line":184,"column":42}}]},"36":{"type":"branch","line":185,"loc":{"start":{"line":185,"column":6},"end":{"line":186,"column":43}},"locations":[{"start":{"line":185,"column":6},"end":{"line":186,"column":43}}]},"37":{"type":"branch","line":187,"loc":{"start":{"line":187,"column":6},"end":{"line":188,"column":30}},"locations":[{"start":{"line":187,"column":6},"end":{"line":188,"column":30}}]},"38":{"type":"branch","line":189,"loc":{"start":{"line":189,"column":6},"end":{"line":190,"column":20}},"locations":[{"start":{"line":189,"column":6},"end":{"line":190,"column":20}}]},"39":{"type":"branch","line":194,"loc":{"start":{"line":194,"column":28},"end":{"line":270,"column":4}},"locations":[{"start":{"line":194,"column":28},"end":{"line":270,"column":4}}]},"40":{"type":"branch","line":197,"loc":{"start":{"line":197,"column":6},"end":{"line":203,"column":12}},"locations":[{"start":{"line":197,"column":6},"end":{"line":203,"column":12}}]},"41":{"type":"branch","line":205,"loc":{"start":{"line":205,"column":6},"end":{"line":216,"column":12}},"locations":[{"start":{"line":205,"column":6},"end":{"line":216,"column":12}}]},"42":{"type":"branch","line":218,"loc":{"start":{"line":218,"column":6},"end":{"line":232,"column":12}},"locations":[{"start":{"line":218,"column":6},"end":{"line":232,"column":12}}]},"43":{"type":"branch","line":220,"loc":{"start":{"line":220,"column":10},"end":{"line":224,"column":14}},"locations":[{"start":{"line":220,"column":10},"end":{"line":224,"column":14}}]},"44":{"type":"branch","line":226,"loc":{"start":{"line":226,"column":29},"end":{"line":226,"column":73}},"locations":[{"start":{"line":226,"column":29},"end":{"line":226,"column":73}}]},"45":{"type":"branch","line":234,"loc":{"start":{"line":234,"column":6},"end":{"line":242,"column":12}},"locations":[{"start":{"line":234,"column":6},"end":{"line":242,"column":12}}]},"46":{"type":"branch","line":244,"loc":{"start":{"line":244,"column":6},"end":{"line":255,"column":12}},"locations":[{"start":{"line":244,"column":6},"end":{"line":255,"column":12}}]},"47":{"type":"branch","line":257,"loc":{"start":{"line":257,"column":6},"end":{"line":265,"column":12}},"locations":[{"start":{"line":257,"column":6},"end":{"line":265,"column":12}}]},"48":{"type":"branch","line":267,"loc":{"start":{"line":267,"column":6},"end":{"line":268,"column":20}},"locations":[{"start":{"line":267,"column":6},"end":{"line":268,"column":20}}]}},"b":{"0":[12],"1":[2],"2":[0],"3":[0],"4":[0],"5":[0],"6":[0],"7":[0],"8":[1],"9":[0],"10":[0],"11":[0],"12":[0],"13":[10],"14":[2],"15":[0],"16":[9],"17":[7],"18":[2],"19":[9],"20":[0],"21":[0],"22":[9],"23":[9],"24":[1],"25":[8],"26":[1],"27":[0],"28":[0],"29":[0],"30":[1],"31":[12],"32":[0],"33":[11],"34":[0],"35":[1],"36":[0],"37":[0],"38":[0],"39":[12],"40":[11],"41":[0],"42":[1],"43":[0],"44":[0],"45":[0],"46":[0],"47":[0],"48":[0]},"fnMap":{"0":{"name":"BookingModal","decl":{"start":{"line":28,"column":51},"end":{"line":330,"column":2}},"loc":{"start":{"line":28,"column":51},"end":{"line":330,"column":2}},"line":28},"1":{"name":"handleBookingComplete","decl":{"start":{"line":119,"column":32},"end":{"line":149,"column":4}},"loc":{"start":{"line":119,"column":32},"end":{"line":149,"column":4}},"line":119},"2":{"name":"handleNextStep","decl":{"start":{"line":151,"column":25},"end":{"line":161,"column":4}},"loc":{"start":{"line":151,"column":25},"end":{"line":161,"column":4}},"line":151},"3":{"name":"handleNext","decl":{"start":{"line":163,"column":21},"end":{"line":167,"column":4}},"loc":{"start":{"line":163,"column":21},"end":{"line":167,"column":4}},"line":163},"4":{"name":"handlePrev","decl":{"start":{"line":169,"column":21},"end":{"line":173,"column":4}},"loc":{"start":{"line":169,"column":21},"end":{"line":173,"column":4}},"line":169},"5":{"name":"canProceed","decl":{"start":{"line":175,"column":21},"end":{"line":192,"column":4}},"loc":{"start":{"line":175,"column":21},"end":{"line":192,"column":4}},"line":175},"6":{"name":"renderStepContent","decl":{"start":{"line":194,"column":28},"end":{"line":270,"column":4}},"loc":{"start":{"line":194,"column":28},"end":{"line":270,"column":4}},"line":194},"7":{"name":"onClick","decl":{"start":{"line":285,"column":21},"end":{"line":285,"column":49}},"loc":{"start":{"line":285,"column":21},"end":{"line":285,"column":49}},"line":285}},"f":{"0":12,"1":0,"2":1,"3":0,"4":0,"5":12,"6":12,"7":0}}
,"/Users/alexandra.brad/Downloads/Project/healty-paws-frontend/src/components/features/BookingModal/components/StepCalendar.tsx": {"path":"/Users/alexandra.brad/Downloads/Project/healty-paws-frontend/src/components/features/BookingModal/components/StepCalendar.tsx","all":true,"statementMap":{"0":{"start":{"line":1,"column":0},"end":{"line":1,"column":32}},"2":{"start":{"line":3,"column":0},"end":{"line":3,"column":57}},"3":{"start":{"line":4,"column":0},"end":{"line":4,"column":34}},"4":{"start":{"line":5,"column":0},"end":{"line":5,"column":23}},"12":{"start":{"line":13,"column":0},"end":{"line":13,"column":53}},"13":{"start":{"line":14,"column":0},"end":{"line":14,"column":9}},"14":{"start":{"line":15,"column":0},"end":{"line":15,"column":15}},"15":{"start":{"line":16,"column":0},"end":{"line":16,"column":11}},"16":{"start":{"line":17,"column":0},"end":{"line":17,"column":7}},"17":{"start":{"line":18,"column":0},"end":{"line":18,"column":30}},"18":{"start":{"line":19,"column":0},"end":{"line":19,"column":31}},"19":{"start":{"line":20,"column":0},"end":{"line":20,"column":90}},"20":{"start":{"line":21,"column":0},"end":{"line":21,"column":29}},"21":{"start":{"line":22,"column":0},"end":{"line":22,"column":55}},"22":{"start":{"line":23,"column":0},"end":{"line":23,"column":51}},"23":{"start":{"line":24,"column":0},"end":{"line":24,"column":53}},"24":{"start":{"line":25,"column":0},"end":{"line":25,"column":26}},"25":{"start":{"line":26,"column":0},"end":{"line":26,"column":28}},"26":{"start":{"line":27,"column":0},"end":{"line":27,"column":11}},"27":{"start":{"line":28,"column":0},"end":{"line":28,"column":33}},"28":{"start":{"line":29,"column":0},"end":{"line":29,"column":8}},"29":{"start":{"line":30,"column":0},"end":{"line":30,"column":4}},"31":{"start":{"line":32,"column":0},"end":{"line":32,"column":62}},"32":{"start":{"line":33,"column":0},"end":{"line":33,"column":51}},"33":{"start":{"line":34,"column":0},"end":{"line":34,"column":57}},"34":{"start":{"line":35,"column":0},"end":{"line":35,"column":49}},"35":{"start":{"line":36,"column":0},"end":{"line":36,"column":51}},"36":{"start":{"line":37,"column":0},"end":{"line":37,"column":24}},"37":{"start":{"line":38,"column":0},"end":{"line":38,"column":26}},"38":{"start":{"line":39,"column":0},"end":{"line":39,"column":22}},"39":{"start":{"line":40,"column":0},"end":{"line":40,"column":9}},"40":{"start":{"line":41,"column":0},"end":{"line":41,"column":71}},"41":{"start":{"line":42,"column":0},"end":{"line":42,"column":19}},"42":{"start":{"line":43,"column":0},"end":{"line":43,"column":7}},"43":{"start":{"line":44,"column":0},"end":{"line":44,"column":37}},"44":{"start":{"line":45,"column":0},"end":{"line":45,"column":49}},"45":{"start":{"line":46,"column":0},"end":{"line":46,"column":17}},"46":{"start":{"line":47,"column":0},"end":{"line":47,"column":59}},"48":{"start":{"line":49,"column":0},"end":{"line":49,"column":10}},"49":{"start":{"line":50,"column":0},"end":{"line":50,"column":13}},"50":{"start":{"line":51,"column":0},"end":{"line":51,"column":33}},"51":{"start":{"line":52,"column":0},"end":{"line":52,"column":33}},"52":{"start":{"line":53,"column":0},"end":{"line":53,"column":70}},"53":{"start":{"line":54,"column":0},"end":{"line":54,"column":58}},"55":{"start":{"line":56,"column":0},"end":{"line":56,"column":6}},"57":{"start":{"line":58,"column":0},"end":{"line":58,"column":2}}},"s":{"0":0,"2":0,"3":0,"4":0,"12":0,"13":0,"14":0,"15":0,"16":0,"17":0,"18":0,"19":0,"20":0,"21":0,"22":0,"23":0,"24":0,"25":0,"26":0,"27":0,"28":0,"29":0,"31":0,"32":0,"33":0,"34":0,"35":0,"36":0,"37":0,"38":0,"39":0,"40":0,"41":0,"42":0,"43":0,"44":0,"45":0,"46":0,"48":0,"49":0,"50":0,"51":0,"52":0,"53":0,"55":0,"57":0},"branchMap":{"0":{"type":"branch","line":1,"loc":{"start":{"line":1,"column":1755},"end":{"line":58,"column":2}},"locations":[{"start":{"line":1,"column":1755},"end":{"line":58,"column":2}}]}},"b":{"0":[0]},"fnMap":{"0":{"name":"(empty-report)","decl":{"start":{"line":1,"column":1755},"end":{"line":58,"column":2}},"loc":{"start":{"line":1,"column":1755},"end":{"line":58,"column":2}},"line":1}},"f":{"0":0}}
,"/Users/alexandra.brad/Downloads/Project/healty-paws-frontend/src/components/features/BookingModal/components/StepConfirmation.tsx": {"path":"/Users/alexandra.brad/Downloads/Project/healty-paws-frontend/src/components/features/BookingModal/components/StepConfirmation.tsx","all":true,"statementMap":{"0":{"start":{"line":1,"column":0},"end":{"line":1,"column":32}},"1":{"start":{"line":2,"column":0},"end":{"line":2,"column":23}},"11":{"start":{"line":12,"column":0},"end":{"line":12,"column":61}},"12":{"start":{"line":13,"column":0},"end":{"line":13,"column":9}},"13":{"start":{"line":14,"column":0},"end":{"line":14,"column":6}},"14":{"start":{"line":15,"column":0},"end":{"line":15,"column":7}},"15":{"start":{"line":16,"column":0},"end":{"line":16,"column":8}},"16":{"start":{"line":17,"column":0},"end":{"line":17,"column":7}},"17":{"start":{"line":18,"column":0},"end":{"line":18,"column":37}},"18":{"start":{"line":19,"column":0},"end":{"line":19,"column":35}},"19":{"start":{"line":20,"column":0},"end":{"line":20,"column":7}},"20":{"start":{"line":21,"column":0},"end":{"line":21,"column":44}},"21":{"start":{"line":22,"column":0},"end":{"line":22,"column":8}},"22":{"start":{"line":23,"column":0},"end":{"line":23,"column":7}},"23":{"start":{"line":24,"column":0},"end":{"line":24,"column":38}},"24":{"start":{"line":25,"column":0},"end":{"line":25,"column":8}},"25":{"start":{"line":26,"column":0},"end":{"line":26,"column":7}},"26":{"start":{"line":27,"column":0},"end":{"line":27,"column":64}},"27":{"start":{"line":28,"column":0},"end":{"line":28,"column":8}},"28":{"start":{"line":29,"column":0},"end":{"line":29,"column":7}},"29":{"start":{"line":30,"column":0},"end":{"line":30,"column":54}},"30":{"start":{"line":31,"column":0},"end":{"line":31,"column":8}},"31":{"start":{"line":32,"column":0},"end":{"line":32,"column":8}}},"s":{"0":0,"1":0,"11":0,"12":0,"13":0,"14":0,"15":0,"16":0,"17":0,"18":0,"19":0,"20":0,"21":0,"22":0,"23":0,"24":0,"25":0,"26":0,"27":0,"28":0,"29":0,"30":0,"31":0},"branchMap":{"0":{"type":"branch","line":1,"loc":{"start":{"line":1,"column":677},"end":{"line":33,"column":2}},"locations":[{"start":{"line":1,"column":677},"end":{"line":33,"column":2}}]}},"b":{"0":[0]},"fnMap":{"0":{"name":"(empty-report)","decl":{"start":{"line":1,"column":677},"end":{"line":33,"column":2}},"loc":{"start":{"line":1,"column":677},"end":{"line":33,"column":2}},"line":1}},"f":{"0":0}}
,"/Users/alexandra.brad/Downloads/Project/healty-paws-frontend/src/components/features/BookingModal/components/StepSelectDoctor.tsx": {"path":"/Users/alexandra.brad/Downloads/Project/healty-paws-frontend/src/components/features/BookingModal/components/StepSelectDoctor.tsx","all":true,"statementMap":{"0":{"start":{"line":1,"column":0},"end":{"line":1,"column":32}},"1":{"start":{"line":2,"column":0},"end":{"line":2,"column":54}},"3":{"start":{"line":4,"column":0},"end":{"line":4,"column":51}},"4":{"start":{"line":5,"column":0},"end":{"line":5,"column":23}},"17":{"start":{"line":18,"column":0},"end":{"line":18,"column":61}},"18":{"start":{"line":19,"column":0},"end":{"line":19,"column":17}},"19":{"start":{"line":20,"column":0},"end":{"line":20,"column":11}},"20":{"start":{"line":21,"column":0},"end":{"line":21,"column":10}},"21":{"start":{"line":22,"column":0},"end":{"line":22,"column":14}},"22":{"start":{"line":23,"column":0},"end":{"line":23,"column":13}},"23":{"start":{"line":24,"column":0},"end":{"line":24,"column":9}},"24":{"start":{"line":25,"column":0},"end":{"line":25,"column":9}},"25":{"start":{"line":26,"column":0},"end":{"line":26,"column":12}},"26":{"start":{"line":27,"column":0},"end":{"line":27,"column":7}},"27":{"start":{"line":28,"column":0},"end":{"line":28,"column":10}},"28":{"start":{"line":29,"column":0},"end":{"line":29,"column":37}},"29":{"start":{"line":30,"column":0},"end":{"line":30,"column":33}},"31":{"start":{"line":32,"column":0},"end":{"line":32,"column":50}},"32":{"start":{"line":33,"column":0},"end":{"line":33,"column":56}},"33":{"start":{"line":34,"column":0},"end":{"line":34,"column":70}},"34":{"start":{"line":35,"column":0},"end":{"line":35,"column":14}},"36":{"start":{"line":37,"column":0},"end":{"line":37,"column":12}},"37":{"start":{"line":38,"column":0},"end":{"line":38,"column":46}},"38":{"start":{"line":39,"column":0},"end":{"line":39,"column":45}},"39":{"start":{"line":40,"column":0},"end":{"line":40,"column":13}},"41":{"start":{"line":42,"column":0},"end":{"line":42,"column":45}},"42":{"start":{"line":43,"column":0},"end":{"line":43,"column":19}},"43":{"start":{"line":44,"column":0},"end":{"line":44,"column":29}},"44":{"start":{"line":45,"column":0},"end":{"line":45,"column":34}},"45":{"start":{"line":46,"column":0},"end":{"line":46,"column":47}},"46":{"start":{"line":47,"column":0},"end":{"line":47,"column":66}},"47":{"start":{"line":48,"column":0},"end":{"line":48,"column":17}},"48":{"start":{"line":49,"column":0},"end":{"line":49,"column":48}},"50":{"start":{"line":51,"column":0},"end":{"line":51,"column":64}},"51":{"start":{"line":52,"column":0},"end":{"line":52,"column":55}},"52":{"start":{"line":53,"column":0},"end":{"line":53,"column":71}},"53":{"start":{"line":54,"column":0},"end":{"line":54,"column":21}},"54":{"start":{"line":55,"column":0},"end":{"line":55,"column":21}},"55":{"start":{"line":56,"column":0},"end":{"line":56,"column":13}},"56":{"start":{"line":57,"column":0},"end":{"line":57,"column":14}},"57":{"start":{"line":58,"column":0},"end":{"line":58,"column":12}},"59":{"start":{"line":60,"column":0},"end":{"line":60,"column":38}},"60":{"start":{"line":61,"column":0},"end":{"line":61,"column":15}},"61":{"start":{"line":62,"column":0},"end":{"line":62,"column":36}},"62":{"start":{"line":63,"column":0},"end":{"line":63,"column":26}},"63":{"start":{"line":64,"column":0},"end":{"line":64,"column":51}},"64":{"start":{"line":65,"column":0},"end":{"line":65,"column":21}},"65":{"start":{"line":66,"column":0},"end":{"line":66,"column":10}},"66":{"start":{"line":67,"column":0},"end":{"line":67,"column":45}},"67":{"start":{"line":68,"column":0},"end":{"line":68,"column":44}},"68":{"start":{"line":69,"column":0},"end":{"line":69,"column":15}},"69":{"start":{"line":70,"column":0},"end":{"line":70,"column":15}},"70":{"start":{"line":71,"column":0},"end":{"line":71,"column":36}},"71":{"start":{"line":72,"column":0},"end":{"line":72,"column":26}},"72":{"start":{"line":73,"column":0},"end":{"line":73,"column":60}},"73":{"start":{"line":74,"column":0},"end":{"line":74,"column":21}},"74":{"start":{"line":75,"column":0},"end":{"line":75,"column":10}},"75":{"start":{"line":76,"column":0},"end":{"line":76,"column":12}},"76":{"start":{"line":77,"column":0},"end":{"line":77,"column":10}},"78":{"start":{"line":79,"column":0},"end":{"line":79,"column":2}}},"s":{"0":0,"1":0,"3":0,"4":0,"17":0,"18":0,"19":0,"20":0,"21":0,"22":0,"23":0,"24":0,"25":0,"26":0,"27":0,"28":0,"29":0,"31":0,"32":0,"33":0,"34":0,"36":0,"37":0,"38":0,"39":0,"41":0,"42":0,"43":0,"44":0,"45":0,"46":0,"47":0,"48":0,"50":0,"51":0,"52":0,"53":0,"54":0,"55":0,"56":0,"57":0,"59":0,"60":0,"61":0,"62":0,"63":0,"64":0,"65":0,"66":0,"67":0,"68":0,"69":0,"70":0,"71":0,"72":0,"73":0,"74":0,"75":0,"76":0,"78":0},"branchMap":{"0":{"type":"branch","line":1,"loc":{"start":{"line":1,"column":2178},"end":{"line":79,"column":2}},"locations":[{"start":{"line":1,"column":2178},"end":{"line":79,"column":2}}]}},"b":{"0":[0]},"fnMap":{"0":{"name":"(empty-report)","decl":{"start":{"line":1,"column":2178},"end":{"line":79,"column":2}},"loc":{"start":{"line":1,"column":2178},"end":{"line":79,"column":2}},"line":1}},"f":{"0":0}}
[...]
4}},"locations":[{"start":{"line":31,"column":23},"end":{"line":31,"column":44}}]},"8":{"type":"branch","line":31,"loc":{"start":{"line":31,"column":28},"end":{"line":31,"column":47}},"locations":[{"start":{"line":31,"column":28},"end":{"line":31,"column":47}}]},"9":{"type":"branch","line":45,"loc":{"start":{"line":45,"column":48},"end":{"line":45,"column":63}},"locations":[{"start":{"line":45,"column":48},"end":{"line":45,"column":63}}]},"10":{"type":"branch","line":45,"loc":{"start":{"line":45,"column":55},"end":{"line":45,"column":74}},"locations":[{"start":{"line":45,"column":55},"end":{"line":45,"column":74}}]},"11":{"type":"branch","line":46,"loc":{"start":{"line":46,"column":51},"end":{"line":46,"column":70}},"locations":[{"start":{"line":46,"column":51},"end":{"line":46,"column":70}}]},"12":{"type":"branch","line":47,"loc":{"start":{"line":47,"column":48},"end":{"line":47,"column":68}},"locations":[{"start":{"line":47,"column":48},"end":{"line":47,"column":68}}]},"13":{"type":"branch","line":48,"loc":{"start":{"line":48,"column":61},"end":{"line":48,"column":70}},"locations":[{"start":{"line":48,"column":61},"end":{"line":48,"column":70}}]},"14":{"type":"branch","line":49,"loc":{"start":{"line":49,"column":61},"end":{"line":49,"column":73}},"locations":[{"start":{"line":49,"column":61},"end":{"line":49,"column":73}}]},"15":{"type":"branch","line":56,"loc":{"start":{"line":56,"column":41},"end":{"line":64,"column":16}},"locations":[{"start":{"line":56,"column":41},"end":{"line":64,"column":16}}]},"16":{"type":"branch","line":64,"loc":{"start":{"line":64,"column":15},"end":{"line":66,"column":80}},"locations":[{"start":{"line":64,"column":15},"end":{"line":66,"column":80}}]},"17":{"type":"branch","line":71,"loc":{"start":{"line":71,"column":39},"end":{"line":79,"column":16}},"locations":[{"start":{"line":71,"column":39},"end":{"line":79,"column":16}}]},"18":{"type":"branch","line":79,"loc":{"start":{"line":79,"column":15},"end":{"line":81,"column":69}},"locations":[{"start":{"line":79,"column":15},"end":{"line":81,"column":69}}]},"19":{"type":"branch","line":89,"loc":{"start":{"line":89,"column":34},"end":{"line":89,"column":104}},"locations":[{"start":{"line":89,"column":34},"end":{"line":89,"column":104}}]},"20":{"type":"branch","line":93,"loc":{"start":{"line":93,"column":35},"end":{"line":128,"column":22}},"locations":[{"start":{"line":93,"column":35},"end":{"line":128,"column":22}}]},"21":{"type":"branch","line":128,"loc":{"start":{"line":128,"column":14},"end":{"line":130,"column":75}},"locations":[{"start":{"line":128,"column":14},"end":{"line":130,"column":75}}]},"22":{"type":"branch","line":57,"loc":{"start":{"line":57,"column":37},"end":{"line":63,"column":18}},"locations":[{"start":{"line":57,"column":37},"end":{"line":63,"column":18}}]},"23":{"type":"branch","line":72,"loc":{"start":{"line":72,"column":35},"end":{"line":78,"column":18}},"locations":[{"start":{"line":72,"column":35},"end":{"line":78,"column":18}}]}},"b":{"0":[7],"1":[0],"2":[1],"3":[6],"4":[0],"5":[6],"6":[0],"7":[6],"8":[0],"9":[6],"10":[0],"11":[0],"12":[0],"13":[0],"14":[0],"15":[6],"16":[0],"17":[6],"18":[0],"19":[0],"20":[0],"21":[6],"22":[6],"23":[6]},"fnMap":{"0":{"name":"PatientSummaryPage","decl":{"start":{"line":12,"column":0},"end":{"line":137,"column":1}},"loc":{"start":{"line":12,"column":0},"end":{"line":137,"column":1}},"line":12},"1":{"name":"handleAppointmentClick","decl":{"start":{"line":33,"column":33},"end":{"line":35,"column":4}},"loc":{"start":{"line":33,"column":33},"end":{"line":35,"column":4}},"line":33}},"f":{"0":7,"1":0}}
,"/Users/alexandra.brad/Downloads/Project/healty-paws-frontend/src/router/ProtectedRoute/ProtectedRoute.tsx": {"path":"/Users/alexandra.brad/Downloads/Project/healty-paws-frontend/src/router/ProtectedRoute/ProtectedRoute.tsx","all":false,"statementMap":{"0":{"start":{"line":1,"column":0},"end":{"line":1,"column":69}},"1":{"start":{"line":2,"column":0},"end":{"line":2,"column":47}},"2":{"start":{"line":3,"column":0},"end":{"line":3,"column":72}},"3":{"start":{"line":4,"column":0},"end":{"line":4,"column":44}},"10":{"start":{"line":11,"column":0},"end":{"line":11,"column":57}},"11":{"start":{"line":12,"column":0},"end":{"line":12,"column":11}},"12":{"start":{"line":13,"column":0},"end":{"line":13,"column":15}},"13":{"start":{"line":14,"column":0},"end":{"line":14,"column":7}},"14":{"start":{"line":15,"column":0},"end":{"line":15,"column":62}},"15":{"start":{"line":16,"column":0},"end":{"line":16,"column":33}},"16":{"start":{"line":17,"column":0},"end":{"line":17,"column":50}},"18":{"start":{"line":19,"column":0},"end":{"line":19,"column":19}},"19":{"start":{"line":20,"column":0},"end":{"line":20,"column":22}},"20":{"start":{"line":21,"column":0},"end":{"line":21,"column":9}},"22":{"start":{"line":23,"column":0},"end":{"line":23,"column":19}},"23":{"start":{"line":24,"column":0},"end":{"line":24,"column":33}},"24":{"start":{"line":25,"column":0},"end":{"line":25,"column":13}},"25":{"start":{"line":26,"column":0},"end":{"line":26,"column":5}},"27":{"start":{"line":28,"column":0},"end":{"line":28,"column":31}},"28":{"start":{"line":29,"column":0},"end":{"line":29,"column":25}},"29":{"start":{"line":30,"column":0},"end":{"line":30,"column":13}},"30":{"start":{"line":31,"column":0},"end":{"line":31,"column":5}},"32":{"start":{"line":33,"column":0},"end":{"line":33,"column":8}},"33":{"start":{"line":34,"column":0},"end":{"line":34,"column":21}},"34":{"start":{"line":35,"column":0},"end":{"line":35,"column":32}},"35":{"start":{"line":36,"column":0},"end":{"line":36,"column":39}},"36":{"start":{"line":37,"column":0},"end":{"line":37,"column":7}},"37":{"start":{"line":38,"column":0},"end":{"line":38,"column":25}},"38":{"start":{"line":39,"column":0},"end":{"line":39,"column":5}},"39":{"start":{"line":40,"column":0},"end":{"line":40,"column":70}},"41":{"start":{"line":42,"column":0},"end":{"line":42,"column":27}},"42":{"start":{"line":43,"column":0},"end":{"line":43,"column":27}},"43":{"start":{"line":44,"column":0},"end":{"line":44,"column":18}},"44":{"start":{"line":45,"column":0},"end":{"line":45,"column":45}},"45":{"start":{"line":46,"column":0},"end":{"line":46,"column":42}},"46":{"start":{"line":47,"column":0},"end":{"line":47,"column":15}},"47":{"start":{"line":48,"column":0},"end":{"line":48,"column":3}},"49":{"start":{"line":50,"column":0},"end":{"line":50,"column":48}},"50":{"start":{"line":51,"column":0},"end":{"line":51,"column":16}},"51":{"start":{"line":52,"column":0},"end":{"line":52,"column":3}},"53":{"start":{"line":54,"column":0},"end":{"line":54,"column":25}},"54":{"start":{"line":55,"column":0},"end":{"line":55,"column":2}}},"s":{"0":1,"1":1,"2":1,"3":1,"10":1,"11":8,"12":8,"13":8,"14":8,"15":8,"16":8,"18":8,"19":4,"20":8,"22":8,"23":8,"24":4,"25":4,"27":8,"28":1,"29":1,"30":1,"32":3,"33":3,"34":2,"35":2,"36":8,"37":1,"38":1,"39":8,"41":8,"42":8,"43":6,"44":6,"45":4,"46":2,"47":6,"49":8,"50":6,"51":6,"53":2,"54":2},"branchMap":{"0":{"type":"branch","line":11,"loc":{"start":{"line":11,"column":55},"end":{"line":55,"column":2}},"locations":[{"start":{"line":11,"column":55},"end":{"line":55,"column":2}}]},"1":{"type":"branch","line":43,"loc":{"start":{"line":43,"column":6},"end":{"line":43,"column":26}},"locations":[{"start":{"line":43,"column":6},"end":{"line":43,"column":26}}]},"2":{"type":"branch","line":43,"loc":{"start":{"line":43,"column":26},"end":{"line":48,"column":3}},"locations":[{"start":{"line":43,"column":26},"end":{"line":48,"column":3}}]},"3":{"type":"branch","line":45,"loc":{"start":{"line":45,"column":6},"end":{"line":45,"column":45}},"locations":[{"start":{"line":45,"column":6},"end":{"line":45,"column":45}}]},"4":{"type":"branch","line":45,"loc":{"start":{"line":45,"column":44},"end":{"line":46,"column":42}},"locations":[{"start":{"line":45,"column":44},"end":{"line":46,"column":42}}]},"5":{"type":"branch","line":46,"loc":{"start":{"line":46,"column":41},"end":{"line":47,"column":15}},"locations":[{"start":{"line":46,"column":41},"end":{"line":47,"column":15}}]},"6":{"type":"branch","line":50,"loc":{"start":{"line":50,"column":7},"end":{"line":50,"column":32}},"locations":[{"start":{"line":50,"column":7},"end":{"line":50,"column":32}}]},"7":{"type":"branch","line":50,"loc":{"start":{"line":50,"column":19},"end":{"line":50,"column":47}},"locations":[{"start":{"line":50,"column":19},"end":{"line":50,"column":47}}]},"8":{"type":"branch","line":50,"loc":{"start":{"line":50,"column":47},"end":{"line":52,"column":3}},"locations":[{"start":{"line":50,"column":47},"end":{"line":52,"column":3}}]},"9":{"type":"branch","line":52,"loc":{"start":{"line":52,"column":2},"end":{"line":55,"column":2}},"locations":[{"start":{"line":52,"column":2},"end":{"line":55,"column":2}}]},"10":{"type":"branch","line":19,"loc":{"start":{"line":19,"column":12},"end":{"line":21,"column":5}},"locations":[{"start":{"line":19,"column":12},"end":{"line":21,"column":5}}]},"11":{"type":"branch","line":23,"loc":{"start":{"line":23,"column":12},"end":{"line":40,"column":5}},"locations":[{"start":{"line":23,"column":12},"end":{"line":40,"column":5}}]},"12":{"type":"branch","line":24,"loc":{"start":{"line":24,"column":9},"end":{"line":24,"column":32}},"locations":[{"start":{"line":24,"column":9},"end":{"line":24,"column":32}}]},"13":{"type":"branch","line":24,"loc":{"start":{"line":24,"column":32},"end":{"line":28,"column":23}},"locations":[{"start":{"line":24,"column":32},"end":{"line":28,"column":23}}]},"14":{"type":"branch","line":28,"loc":{"start":{"line":28,"column":9},"end":{"line":28,"column":30}},"locations":[{"start":{"line":28,"column":9},"end":{"line":28,"column":30}}]},"15":{"type":"branch","line":28,"loc":{"start":{"line":28,"column":30},"end":{"line":31,"column":5}},"locations":[{"start":{"line":28,"column":30},"end":{"line":31,"column":5}}]},"16":{"type":"branch","line":31,"loc":{"start":{"line":31,"column":4},"end":{"line":34,"column":21}},"locations":[{"start":{"line":31,"column":4},"end":{"line":34,"column":21}}]},"17":{"type":"branch","line":34,"loc":{"start":{"line":34,"column":6},"end":{"line":35,"column":32}},"locations":[{"start":{"line":34,"column":6},"end":{"line":35,"column":32}}]},"18":{"type":"branch","line":35,"loc":{"start":{"line":35,"column":28},"end":{"line":36,"column":39}},"locations":[{"start":{"line":35,"column":28},"end":{"line":36,"column":39}}]},"19":{"type":"branch","line":37,"loc":{"start":{"line":37,"column":6},"end":{"line":39,"column":5}},"locations":[{"start":{"line":37,"column":6},"end":{"line":39,"column":5}}]}},"b":{"0":[8],"1":[6],"2":[6],"3":[4],"4":[4],"5":[2],"6":[4],"7":[4],"8":[6],"9":[2],"10":[4],"11":[8],"12":[4],"13":[4],"14":[3],"15":[1],"16":[3],"17":[2],"18":[2],"19":[1]},"fnMap":{"0":{"name":"ProtectedRoute","decl":{"start":{"line":11,"column":55},"end":{"line":55,"column":2}},"loc":{"start":{"line":11,"column":55},"end":{"line":55,"column":2}},"line":11}},"f":{"0":8}}
,"/Users/alexandra.brad/Downloads/Project/healty-paws-frontend/src/router/PublicRoute/PublicRoute.tsx": {"path":"/Users/alexandra.brad/Downloads/Project/healty-paws-frontend/src/router/PublicRoute/PublicRoute.tsx","all":false,"statementMap":{"0":{"start":{"line":1,"column":0},"end":{"line":1,"column":69}},"1":{"start":{"line":2,"column":0},"end":{"line":2,"column":72}},"2":{"start":{"line":3,"column":0},"end":{"line":3,"column":47}},"3":{"start":{"line":4,"column":0},"end":{"line":4,"column":44}},"9":{"start":{"line":10,"column":0},"end":{"line":10,"column":68}},"10":{"start":{"line":11,"column":0},"end":{"line":11,"column":45}},"11":{"start":{"line":12,"column":0},"end":{"line":12,"column":33}},"12":{"start":{"line":13,"column":0},"end":{"line":13,"column":50}},"14":{"start":{"line":15,"column":0},"end":{"line":15,"column":19}},"15":{"start":{"line":16,"column":0},"end":{"line":16,"column":22}},"16":{"start":{"line":17,"column":0},"end":{"line":17,"column":9}},"18":{"start":{"line":19,"column":0},"end":{"line":19,"column":19}},"19":{"start":{"line":20,"column":0},"end":{"line":20,"column":33}},"20":{"start":{"line":21,"column":0},"end":{"line":21,"column":25}},"21":{"start":{"line":22,"column":0},"end":{"line":22,"column":5}},"22":{"start":{"line":23,"column":0},"end":{"line":23,"column":39}},"24":{"start":{"line":25,"column":0},"end":{"line":25,"column":32}},"25":{"start":{"line":26,"column":0},"end":{"line":26,"column":16}},"26":{"start":{"line":27,"column":0},"end":{"line":27,"column":3}},"28":{"start":{"line":29,"column":0},"end":{"line":29,"column":25}},"29":{"start":{"line":30,"column":0},"end":{"line":30,"column":2}}},"s":{"0":1,"1":1,"2":1,"3":1,"9":1,"10":4,"11":4,"12":4,"14":4,"15":2,"16":4,"18":4,"19":4,"20":1,"21":1,"22":4,"24":4,"25":3,"26":3,"28":1,"29":1},"branchMap":{"0":{"type":"branch","line":10,"loc":{"start":{"line":10,"column":49},"end":{"line":30,"column":2}},"locations":[{"start":{"line":10,"column":49},"end":{"line":30,"column":2}}]},"1":{"type":"branch","line":25,"loc":{"start":{"line":25,"column":7},"end":{"line":25,"column":31}},"locations":[{"start":{"line":25,"column":7},"end":{"line":25,"column":31}}]},"2":{"type":"branch","line":25,"loc":{"start":{"line":25,"column":31},"end":{"line":27,"column":3}},"locations":[{"start":{"line":25,"column":31},"end":{"line":27,"column":3}}]},"3":{"type":"branch","line":27,"loc":{"start":{"line":27,"column":2},"end":{"line":30,"column":2}},"locations":[{"start":{"line":27,"column":2},"end":{"line":30,"column":2}}]},"4":{"type":"branch","line":15,"loc":{"start":{"line":15,"column":12},"end":{"line":17,"column":5}},"locations":[{"start":{"line":15,"column":12},"end":{"line":17,"column":5}}]},"5":{"type":"branch","line":19,"loc":{"start":{"line":19,"column":12},"end":{"line":23,"column":5}},"locations":[{"start":{"line":19,"column":12},"end":{"line":23,"column":5}}]},"6":{"type":"branch","line":20,"loc":{"start":{"line":20,"column":8},"end":{"line":20,"column":32}},"locations":[{"start":{"line":20,"column":8},"end":{"line":20,"column":32}}]},"7":{"type":"branch","line":20,"loc":{"start":{"line":20,"column":32},"end":{"line":22,"column":5}},"locations":[{"start":{"line":20,"column":32},"end":{"line":22,"column":5}}]}},"b":{"0":[4],"1":[2],"2":[3],"3":[1],"4":[2],"5":[4],"6":[2],"7":[1]},"fnMap":{"0":{"name":"PublicRoute","decl":{"start":{"line":10,"column":49},"end":{"line":30,"column":2}},"loc":{"start":{"line":10,"column":49},"end":{"line":30,"column":2}},"line":10}},"f":{"0":4}}
,"/Users/alexandra.brad/Downloads/Project/healty-paws-frontend/src/utils/appointment-status.ts": {"path":"/Users/alexandra.brad/Downloads/Project/healty-paws-frontend/src/utils/appointment-status.ts","all":false,"statementMap":{"0":{"start":{"line":1,"column":0},"end":{"line":1,"column":8}},"17":{"start":{"line":18,"column":0},"end":{"line":18,"column":44}},"18":{"start":{"line":19,"column":0},"end":{"line":19,"column":40}},"19":{"start":{"line":20,"column":0},"end":{"line":20,"column":25}},"20":{"start":{"line":21,"column":0},"end":{"line":21,"column":14}},"21":{"start":{"line":22,"column":0},"end":{"line":22,"column":36}},"24":{"start":{"line":25,"column":0},"end":{"line":25,"column":52}},"26":{"start":{"line":27,"column":0},"end":{"line":27,"column":37}},"27":{"start":{"line":28,"column":0},"end":{"line":28,"column":25}},"30":{"start":{"line":31,"column":0},"end":{"line":31,"column":62}},"31":{"start":{"line":32,"column":0},"end":{"line":32,"column":58}},"33":{"start":{"line":34,"column":0},"end":{"line":34,"column":66}},"34":{"start":{"line":35,"column":0},"end":{"line":35,"column":22}},"35":{"start":{"line":36,"column":0},"end":{"line":36,"column":3}},"38":{"start":{"line":39,"column":0},"end":{"line":39,"column":58}},"39":{"start":{"line":40,"column":0},"end":{"line":40,"column":53}},"41":{"start":{"line":42,"column":0},"end":{"line":42,"column":62}},"42":{"start":{"line":43,"column":0},"end":{"line":43,"column":19}},"43":{"start":{"line":44,"column":0},"end":{"line":44,"column":3}},"45":{"start":{"line":46,"column":0},"end":{"line":46,"column":20}},"46":{"start":{"line":47,"column":0},"end":{"line":47,"column":2}}},"s":{"0":1,"17":1,"18":14,"19":14,"20":14,"21":14,"24":14,"26":0,"27":0,"30":0,"31":0,"33":14,"34":0,"35":0,"38":0,"39":0,"41":14,"42":0,"43":0,"45":0,"46":0},"branchMap":{"0":{"type":"branch","line":18,"loc":{"start":{"line":18,"column":43},"end":{"line":47,"column":2}},"locations":[{"start":{"line":18,"column":43},"end":{"line":47,"column":2}}]},"1":{"type":"branch","line":22,"loc":{"start":{"line":22,"column":19},"end":{"line":22,"column":36}},"locations":[{"start":{"line":22,"column":19},"end":{"line":22,"column":36}}]},"2":{"type":"branch","line":25,"loc":{"start":{"line":25,"column":41},"end":{"line":34,"column":65}},"locations":[{"start":{"line":25,"column":41},"end":{"line":34,"column":65}}]},"3":{"type":"branch","line":34,"loc":{"start":{"line":34,"column":65},"end":{"line":42,"column":61}},"locations":[{"start":{"line":34,"column":65},"end":{"line":42,"column":61}}]},"4":{"type":"branch","line":42,"loc":{"start":{"line":42,"column":61},"end":{"line":47,"column":2}},"locations":[{"start":{"line":42,"column":61},"end":{"line":47,"column":2}}]}},"b":{"0":[14],"1":[0],"2":[0],"3":[0],"4":[0]},"fnMap":{"0":{"name":"getAppointmentDisplayStatus","decl":{"start":{"line":18,"column":43},"end":{"line":47,"column":2}},"loc":{"start":{"line":18,"column":43},"end":{"line":47,"column":2}},"line":18}},"f":{"0":14}}
,"/Users/alexandra.brad/Downloads/Project/healty-paws-frontend/src/utils/constants.ts": {"path":"/Users/alexandra.brad/Downloads/Project/healty-paws-frontend/src/utils/constants.ts","all":false,"statementMap":{"0":{"start":{"line":1,"column":0},"end":{"line":1,"column":34}}},"s":{"0":1},"branchMap":{},"b":{},"fnMap":{},"f":{}}
,"/Users/alexandra.brad/Downloads/Project/healty-paws-frontend/src/utils/cx.ts": {"path":"/Users/alexandra.brad/Downloads/Project/healty-paws-frontend/src/utils/cx.ts","all":false,"statementMap":{"0":{"start":{"line":1,"column":0},"end":{"line":1,"column":71}},"1":{"start":{"line":2,"column":0},"end":{"line":2,"column":40}},"2":{"start":{"line":3,"column":0},"end":{"line":3,"column":1}}},"s":{"0":1,"1":609,"2":609},"branchMap":{"0":{"type":"branch","line":1,"loc":{"start":{"line":1,"column":7},"end":{"line":3,"column":1}},"locations":[{"start":{"line":1,"column":7},"end":{"line":3,"column":1}}]}},"b":{"0":[609]},"fnMap":{"0":{"name":"cx","decl":{"start":{"line":1,"column":7},"end":{"line":3,"column":1}},"loc":{"start":{"line":1,"column":7},"end":{"line":3,"column":1}},"line":1}},"f":{"0":609}}
,"/Users/alexandra.brad/Downloads/Project/healty-paws-frontend/src/utils/path.ts": {"path":"/Users/alexandra.brad/Downloads/Project/healty-paws-frontend/src/utils/path.ts","all":false,"statementMap":{"1":{"start":{"line":2,"column":0},"end":{"line":2,"column":28}},"4":{"start":{"line":5,"column":0},"end":{"line":5,"column":43}},"5":{"start":{"line":6,"column":0},"end":{"line":6,"column":49}},"6":{"start":{"line":7,"column":0},"end":{"line":7,"column":62}},"7":{"start":{"line":8,"column":0},"end":{"line":8,"column":62}},"8":{"start":{"line":9,"column":0},"end":{"line":9,"column":60}},"11":{"start":{"line":12,"column":0},"end":{"line":12,"column":34}},"12":{"start":{"line":13,"column":0},"end":{"line":13,"column":38}},"13":{"start":{"line":14,"column":0},"end":{"line":14,"column":38}},"16":{"start":{"line":17,"column":0},"end":{"line":17,"column":38}},"17":{"start":{"line":18,"column":0},"end":{"line":18,"column":53}},"18":{"start":{"line":19,"column":0},"end":{"line":19,"column":61}},"19":{"start":{"line":20,"column":0},"end":{"line":20,"column":61}},"20":{"start":{"line":21,"column":0},"end":{"line":21,"column":55}},"21":{"start":{"line":22,"column":0},"end":{"line":22,"column":55}},"22":{"start":{"line":23,"column":0},"end":{"line":23,"column":56}}},"s":{"1":1,"4":1,"5":1,"6":1,"7":1,"8":1,"11":1,"12":1,"13":1,"16":1,"17":1,"18":1,"19":1,"20":1,"21":1,"22":1},"branchMap":{},"b":{},"fnMap":{},"f":{}}
}
